<?xml version="1.0" encoding="UTF-8"?>
<testng-results skipped="0" failed="2" ignored="0" total="13" passed="11">
  <reporter-output>
    <line>
      <![CDATA[Ready to run suite : Default suite]]>
    </line>
    <line>
      <![CDATA[Test is about to run: Default test]]>
    </line>
    <line>
      <![CDATA[Method is about to run: org.testng.internal.ConfigurationMethod, beforeClass]]>
    </line>
    <line>
      <![CDATA[org.testng.internal.InvokedMethod, loginLogoutDataDriveTesintUsingTestNG.beforeClass()[pri:0, instance:testNG.loginLogoutDataDriveTesintUsingTestNG@72d818d1]]]>
    </line>
    <line>
      <![CDATA[Method is about to run: org.testng.internal.ConfigurationMethod, beforeTest]]>
    </line>
    <line>
      <![CDATA[org.testng.internal.InvokedMethod, loginLogoutDataDriveTesintUsingTestNG.beforeTest()[pri:0, instance:testNG.loginLogoutDataDriveTesintUsingTestNG@72d818d1]]]>
    </line>
    <line>
      <![CDATA[This test is : testNG.loginLogoutDataDriveTesintUsingTestNG]]>
    </line>
    <line>
      <![CDATA[The current parameter methods are : , a, a]]>
    </line>
    <line>
      <![CDATA[ Status of the test is: Started]]>
    </line>
    <line>
      <![CDATA[Method is about to run: org.testng.internal.TestNGMethod, loginLogoutTestWithCorrectCredencials]]>
    </line>
    <line>
      <![CDATA[org.testng.internal.InvokedMethod, loginLogoutDataDriveTesintUsingTestNG.loginLogoutTestWithCorrectCredencials(java.lang.String, java.lang.String)[pri:0, instance:testNG.loginLogoutDataDriveTesintUsingTestNG@72d818d1]]]>
    </line>
    <line>
      <![CDATA[This test is : testNG.loginLogoutDataDriveTesintUsingTestNG]]>
    </line>
    <line>
      <![CDATA[The current parameter methods are : , a, a]]>
    </line>
    <line>
      <![CDATA[ Status of the test is: Success]]>
    </line>
    <line>
      <![CDATA[Method is about to run: org.testng.internal.ConfigurationMethod, beforeTest]]>
    </line>
    <line>
      <![CDATA[org.testng.internal.InvokedMethod, loginLogoutDataDriveTesintUsingTestNG.beforeTest()[pri:0, instance:testNG.loginLogoutDataDriveTesintUsingTestNG@72d818d1]]]>
    </line>
    <line>
      <![CDATA[This test is : testNG.loginLogoutDataDriveTesintUsingTestNG]]>
    </line>
    <line>
      <![CDATA[The current parameter methods are : , b, b]]>
    </line>
    <line>
      <![CDATA[ Status of the test is: Started]]>
    </line>
    <line>
      <![CDATA[Method is about to run: org.testng.internal.TestNGMethod, loginLogoutTestWithCorrectCredencials]]>
    </line>
    <line>
      <![CDATA[org.testng.internal.InvokedMethod, loginLogoutDataDriveTesintUsingTestNG.loginLogoutTestWithCorrectCredencials(java.lang.String, java.lang.String)[pri:0, instance:testNG.loginLogoutDataDriveTesintUsingTestNG@72d818d1]]]>
    </line>
    <line>
      <![CDATA[This test is : testNG.loginLogoutDataDriveTesintUsingTestNG]]>
    </line>
    <line>
      <![CDATA[The current parameter methods are : , b, b]]>
    </line>
    <line>
      <![CDATA[ Status of the test is: Success]]>
    </line>
    <line>
      <![CDATA[Method is about to run: org.testng.internal.ConfigurationMethod, beforeTest]]>
    </line>
    <line>
      <![CDATA[org.testng.internal.InvokedMethod, loginLogoutDataDriveTesintUsingTestNG.beforeTest()[pri:0, instance:testNG.loginLogoutDataDriveTesintUsingTestNG@72d818d1]]]>
    </line>
    <line>
      <![CDATA[This test is : testNG.loginLogoutDataDriveTesintUsingTestNG]]>
    </line>
    <line>
      <![CDATA[The current parameter methods are : , c, c]]>
    </line>
    <line>
      <![CDATA[ Status of the test is: Started]]>
    </line>
    <line>
      <![CDATA[Method is about to run: org.testng.internal.TestNGMethod, loginLogoutTestWithCorrectCredencials]]>
    </line>
    <line>
      <![CDATA[org.testng.internal.InvokedMethod, loginLogoutDataDriveTesintUsingTestNG.loginLogoutTestWithCorrectCredencials(java.lang.String, java.lang.String)[pri:0, instance:testNG.loginLogoutDataDriveTesintUsingTestNG@72d818d1]]]>
    </line>
    <line>
      <![CDATA[This test is : testNG.loginLogoutDataDriveTesintUsingTestNG]]>
    </line>
    <line>
      <![CDATA[The current parameter methods are : , c, c]]>
    </line>
    <line>
      <![CDATA[ Status of the test is: Success]]>
    </line>
    <line>
      <![CDATA[Method is about to run: org.testng.internal.ConfigurationMethod, beforeTest]]>
    </line>
    <line>
      <![CDATA[org.testng.internal.InvokedMethod, loginLogoutDataDriveTesintUsingTestNG.beforeTest()[pri:0, instance:testNG.loginLogoutDataDriveTesintUsingTestNG@72d818d1]]]>
    </line>
    <line>
      <![CDATA[This test is : testNG.loginLogoutDataDriveTesintUsingTestNG]]>
    </line>
    <line>
      <![CDATA[The current parameter methods are : , d, ddsf]]>
    </line>
    <line>
      <![CDATA[ Status of the test is: Started]]>
    </line>
    <line>
      <![CDATA[Method is about to run: org.testng.internal.TestNGMethod, loginLogoutTestWithCorrectCredencials]]>
    </line>
    <line>
      <![CDATA[org.testng.internal.InvokedMethod, loginLogoutDataDriveTesintUsingTestNG.loginLogoutTestWithCorrectCredencials(java.lang.String, java.lang.String)[pri:0, instance:testNG.loginLogoutDataDriveTesintUsingTestNG@72d818d1]]]>
    </line>
    <line>
      <![CDATA[This test is : testNG.loginLogoutDataDriveTesintUsingTestNG]]>
    </line>
    <line>
      <![CDATA[The current parameter methods are : , d, ddsf]]>
    </line>
    <line>
      <![CDATA[ Status of the test is: Failed]]>
    </line>
    <line>
      <![CDATA[Method is about to run: org.testng.internal.ConfigurationMethod, beforeTest]]>
    </line>
    <line>
      <![CDATA[org.testng.internal.InvokedMethod, loginLogoutDataDriveTesintUsingTestNG.beforeTest()[pri:0, instance:testNG.loginLogoutDataDriveTesintUsingTestNG@72d818d1]]]>
    </line>
    <line>
      <![CDATA[This test is : testNG.loginLogoutDataDriveTesintUsingTestNG]]>
    </line>
    <line>
      <![CDATA[The current parameter methods are : , e, e]]>
    </line>
    <line>
      <![CDATA[ Status of the test is: Started]]>
    </line>
    <line>
      <![CDATA[Method is about to run: org.testng.internal.TestNGMethod, loginLogoutTestWithCorrectCredencials]]>
    </line>
    <line>
      <![CDATA[org.testng.internal.InvokedMethod, loginLogoutDataDriveTesintUsingTestNG.loginLogoutTestWithCorrectCredencials(java.lang.String, java.lang.String)[pri:0, instance:testNG.loginLogoutDataDriveTesintUsingTestNG@72d818d1]]]>
    </line>
    <line>
      <![CDATA[This test is : testNG.loginLogoutDataDriveTesintUsingTestNG]]>
    </line>
    <line>
      <![CDATA[The current parameter methods are : , e, e]]>
    </line>
    <line>
      <![CDATA[ Status of the test is: Success]]>
    </line>
    <line>
      <![CDATA[Method is about to run: org.testng.internal.ConfigurationMethod, beforeTest]]>
    </line>
    <line>
      <![CDATA[org.testng.internal.InvokedMethod, loginLogoutDataDriveTesintUsingTestNG.beforeTest()[pri:0, instance:testNG.loginLogoutDataDriveTesintUsingTestNG@72d818d1]]]>
    </line>
    <line>
      <![CDATA[This test is : testNG.loginLogoutDataDriveTesintUsingTestNG]]>
    </line>
    <line>
      <![CDATA[The current parameter methods are : , f, f]]>
    </line>
    <line>
      <![CDATA[ Status of the test is: Started]]>
    </line>
    <line>
      <![CDATA[Method is about to run: org.testng.internal.TestNGMethod, loginLogoutTestWithCorrectCredencials]]>
    </line>
    <line>
      <![CDATA[org.testng.internal.InvokedMethod, loginLogoutDataDriveTesintUsingTestNG.loginLogoutTestWithCorrectCredencials(java.lang.String, java.lang.String)[pri:0, instance:testNG.loginLogoutDataDriveTesintUsingTestNG@72d818d1]]]>
    </line>
    <line>
      <![CDATA[This test is : testNG.loginLogoutDataDriveTesintUsingTestNG]]>
    </line>
    <line>
      <![CDATA[The current parameter methods are : , f, f]]>
    </line>
    <line>
      <![CDATA[ Status of the test is: Failed]]>
    </line>
    <line>
      <![CDATA[Method is about to run: org.testng.internal.ConfigurationMethod, beforeTest]]>
    </line>
    <line>
      <![CDATA[org.testng.internal.InvokedMethod, loginLogoutDataDriveTesintUsingTestNG.beforeTest()[pri:0, instance:testNG.loginLogoutDataDriveTesintUsingTestNG@72d818d1]]]>
    </line>
    <line>
      <![CDATA[This test is : testNG.loginLogoutDataDriveTesintUsingTestNG]]>
    </line>
    <line>
      <![CDATA[The current parameter methods are : , awerew, a]]>
    </line>
    <line>
      <![CDATA[ Status of the test is: Started]]>
    </line>
    <line>
      <![CDATA[Method is about to run: org.testng.internal.TestNGMethod, loginLogoutTestWtihIncorrectCredencials]]>
    </line>
    <line>
      <![CDATA[org.testng.internal.InvokedMethod, loginLogoutDataDriveTesintUsingTestNG.loginLogoutTestWtihIncorrectCredencials(java.lang.String, java.lang.String)[pri:0, instance:testNG.loginLogoutDataDriveTesintUsingTestNG@72d818d1]]]>
    </line>
    <line>
      <![CDATA[This test is : testNG.loginLogoutDataDriveTesintUsingTestNG]]>
    </line>
    <line>
      <![CDATA[The current parameter methods are : , awerew, a]]>
    </line>
    <line>
      <![CDATA[ Status of the test is: Success]]>
    </line>
    <line>
      <![CDATA[Method is about to run: org.testng.internal.ConfigurationMethod, beforeTest]]>
    </line>
    <line>
      <![CDATA[org.testng.internal.InvokedMethod, loginLogoutDataDriveTesintUsingTestNG.beforeTest()[pri:0, instance:testNG.loginLogoutDataDriveTesintUsingTestNG@72d818d1]]]>
    </line>
    <line>
      <![CDATA[This test is : testNG.loginLogoutDataDriveTesintUsingTestNG]]>
    </line>
    <line>
      <![CDATA[The current parameter methods are : ,  , b]]>
    </line>
    <line>
      <![CDATA[ Status of the test is: Started]]>
    </line>
    <line>
      <![CDATA[Method is about to run: org.testng.internal.TestNGMethod, loginLogoutTestWtihIncorrectCredencials]]>
    </line>
    <line>
      <![CDATA[org.testng.internal.InvokedMethod, loginLogoutDataDriveTesintUsingTestNG.loginLogoutTestWtihIncorrectCredencials(java.lang.String, java.lang.String)[pri:0, instance:testNG.loginLogoutDataDriveTesintUsingTestNG@72d818d1]]]>
    </line>
    <line>
      <![CDATA[This test is : testNG.loginLogoutDataDriveTesintUsingTestNG]]>
    </line>
    <line>
      <![CDATA[The current parameter methods are : ,  , b]]>
    </line>
    <line>
      <![CDATA[ Status of the test is: Success]]>
    </line>
    <line>
      <![CDATA[Method is about to run: org.testng.internal.ConfigurationMethod, beforeTest]]>
    </line>
    <line>
      <![CDATA[org.testng.internal.InvokedMethod, loginLogoutDataDriveTesintUsingTestNG.beforeTest()[pri:0, instance:testNG.loginLogoutDataDriveTesintUsingTestNG@72d818d1]]]>
    </line>
    <line>
      <![CDATA[This test is : testNG.loginLogoutDataDriveTesintUsingTestNG]]>
    </line>
    <line>
      <![CDATA[The current parameter methods are : , c,   ]]>
    </line>
    <line>
      <![CDATA[ Status of the test is: Started]]>
    </line>
    <line>
      <![CDATA[Method is about to run: org.testng.internal.TestNGMethod, loginLogoutTestWtihIncorrectCredencials]]>
    </line>
    <line>
      <![CDATA[org.testng.internal.InvokedMethod, loginLogoutDataDriveTesintUsingTestNG.loginLogoutTestWtihIncorrectCredencials(java.lang.String, java.lang.String)[pri:0, instance:testNG.loginLogoutDataDriveTesintUsingTestNG@72d818d1]]]>
    </line>
    <line>
      <![CDATA[This test is : testNG.loginLogoutDataDriveTesintUsingTestNG]]>
    </line>
    <line>
      <![CDATA[The current parameter methods are : , c,   ]]>
    </line>
    <line>
      <![CDATA[ Status of the test is: Success]]>
    </line>
    <line>
      <![CDATA[Method is about to run: org.testng.internal.ConfigurationMethod, beforeTest]]>
    </line>
    <line>
      <![CDATA[org.testng.internal.InvokedMethod, loginLogoutDataDriveTesintUsingTestNG.beforeTest()[pri:0, instance:testNG.loginLogoutDataDriveTesintUsingTestNG@72d818d1]]]>
    </line>
    <line>
      <![CDATA[This test is : testNG.loginLogoutDataDriveTesintUsingTestNG]]>
    </line>
    <line>
      <![CDATA[The current parameter methods are : ,  ,   ]]>
    </line>
    <line>
      <![CDATA[ Status of the test is: Started]]>
    </line>
    <line>
      <![CDATA[Method is about to run: org.testng.internal.TestNGMethod, loginLogoutTestWtihIncorrectCredencials]]>
    </line>
    <line>
      <![CDATA[org.testng.internal.InvokedMethod, loginLogoutDataDriveTesintUsingTestNG.loginLogoutTestWtihIncorrectCredencials(java.lang.String, java.lang.String)[pri:0, instance:testNG.loginLogoutDataDriveTesintUsingTestNG@72d818d1]]]>
    </line>
    <line>
      <![CDATA[This test is : testNG.loginLogoutDataDriveTesintUsingTestNG]]>
    </line>
    <line>
      <![CDATA[The current parameter methods are : ,  ,   ]]>
    </line>
    <line>
      <![CDATA[ Status of the test is: Success]]>
    </line>
    <line>
      <![CDATA[Method is about to run: org.testng.internal.ConfigurationMethod, beforeTest]]>
    </line>
    <line>
      <![CDATA[org.testng.internal.InvokedMethod, loginLogoutDataDriveTesintUsingTestNG.beforeTest()[pri:0, instance:testNG.loginLogoutDataDriveTesintUsingTestNG@72d818d1]]]>
    </line>
    <line>
      <![CDATA[This test is : testNG.loginLogoutDataDriveTesintUsingTestNG]]>
    </line>
    <line>
      <![CDATA[The current parameter methods are : , d%^7rtyrty, d]]>
    </line>
    <line>
      <![CDATA[ Status of the test is: Started]]>
    </line>
    <line>
      <![CDATA[Method is about to run: org.testng.internal.TestNGMethod, loginLogoutTestWtihIncorrectCredencials]]>
    </line>
    <line>
      <![CDATA[org.testng.internal.InvokedMethod, loginLogoutDataDriveTesintUsingTestNG.loginLogoutTestWtihIncorrectCredencials(java.lang.String, java.lang.String)[pri:0, instance:testNG.loginLogoutDataDriveTesintUsingTestNG@72d818d1]]]>
    </line>
    <line>
      <![CDATA[This test is : testNG.loginLogoutDataDriveTesintUsingTestNG]]>
    </line>
    <line>
      <![CDATA[The current parameter methods are : , d%^7rtyrty, d]]>
    </line>
    <line>
      <![CDATA[ Status of the test is: Success]]>
    </line>
    <line>
      <![CDATA[Method is about to run: org.testng.internal.ConfigurationMethod, beforeTest]]>
    </line>
    <line>
      <![CDATA[org.testng.internal.InvokedMethod, loginLogoutDataDriveTesintUsingTestNG.beforeTest()[pri:0, instance:testNG.loginLogoutDataDriveTesintUsingTestNG@72d818d1]]]>
    </line>
    <line>
      <![CDATA[This test is : testNG.loginLogoutDataDriveTesintUsingTestNG]]>
    </line>
    <line>
      <![CDATA[The current parameter methods are : , e13311, e]]>
    </line>
    <line>
      <![CDATA[ Status of the test is: Started]]>
    </line>
    <line>
      <![CDATA[Method is about to run: org.testng.internal.TestNGMethod, loginLogoutTestWtihIncorrectCredencials]]>
    </line>
    <line>
      <![CDATA[org.testng.internal.InvokedMethod, loginLogoutDataDriveTesintUsingTestNG.loginLogoutTestWtihIncorrectCredencials(java.lang.String, java.lang.String)[pri:0, instance:testNG.loginLogoutDataDriveTesintUsingTestNG@72d818d1]]]>
    </line>
    <line>
      <![CDATA[This test is : testNG.loginLogoutDataDriveTesintUsingTestNG]]>
    </line>
    <line>
      <![CDATA[The current parameter methods are : , e13311, e]]>
    </line>
    <line>
      <![CDATA[ Status of the test is: Success]]>
    </line>
    <line>
      <![CDATA[Method is about to run: org.testng.internal.ConfigurationMethod, beforeTest]]>
    </line>
    <line>
      <![CDATA[org.testng.internal.InvokedMethod, loginLogoutDataDriveTesintUsingTestNG.beforeTest()[pri:0, instance:testNG.loginLogoutDataDriveTesintUsingTestNG@72d818d1]]]>
    </line>
    <line>
      <![CDATA[This test is : testNG.loginLogoutDataDriveTesintUsingTestNG]]>
    </line>
    <line>
      <![CDATA[The current parameter methods are : , f#$#$#, f]]>
    </line>
    <line>
      <![CDATA[ Status of the test is: Started]]>
    </line>
    <line>
      <![CDATA[Method is about to run: org.testng.internal.TestNGMethod, loginLogoutTestWtihIncorrectCredencials]]>
    </line>
    <line>
      <![CDATA[org.testng.internal.InvokedMethod, loginLogoutDataDriveTesintUsingTestNG.loginLogoutTestWtihIncorrectCredencials(java.lang.String, java.lang.String)[pri:0, instance:testNG.loginLogoutDataDriveTesintUsingTestNG@72d818d1]]]>
    </line>
    <line>
      <![CDATA[This test is : testNG.loginLogoutDataDriveTesintUsingTestNG]]>
    </line>
    <line>
      <![CDATA[The current parameter methods are : , f#$#$#, f]]>
    </line>
    <line>
      <![CDATA[ Status of the test is: Success]]>
    </line>
    <line>
      <![CDATA[Method is about to run: org.testng.internal.ConfigurationMethod, afterClass]]>
    </line>
    <line>
      <![CDATA[org.testng.internal.InvokedMethod, loginLogoutDataDriveTesintUsingTestNG.afterClass()[pri:0, instance:testNG.loginLogoutDataDriveTesintUsingTestNG@72d818d1]]]>
    </line>
  </reporter-output>
  <suite name="Default suite" duration-ms="109059" started-at="2018-11-05T00:32:58Z" finished-at="2018-11-05T00:34:47Z">
    <groups>
    </groups>
    <test name="Default test" duration-ms="109059" started-at="2018-11-05T00:32:58Z" finished-at="2018-11-05T00:34:47Z">
      <class name="testNG.loginLogoutDataDriveTesintUsingTestNG">
        <test-method status="PASS" signature="beforeClass()[pri:0, instance:testNG.loginLogoutDataDriveTesintUsingTestNG@72d818d1]" name="beforeClass" is-config="true" duration-ms="14524" started-at="2018-11-05T00:32:58Z" finished-at="2018-11-05T00:33:12Z">
          <reporter-output>
            <line>
              <![CDATA[org.testng.internal.InvokedMethod, loginLogoutDataDriveTesintUsingTestNG.beforeClass()[pri:0, instance:testNG.loginLogoutDataDriveTesintUsingTestNG@72d818d1]]]>
            </line>
          </reporter-output>
        </test-method> <!-- beforeClass -->
        <test-method status="PASS" signature="beforeTest()[pri:0, instance:testNG.loginLogoutDataDriveTesintUsingTestNG@72d818d1]" name="beforeTest" is-config="true" duration-ms="1" started-at="2018-11-05T00:33:13Z" finished-at="2018-11-05T00:33:13Z">
          <reporter-output>
            <line>
              <![CDATA[org.testng.internal.InvokedMethod, loginLogoutDataDriveTesintUsingTestNG.beforeTest()[pri:0, instance:testNG.loginLogoutDataDriveTesintUsingTestNG@72d818d1]]]>
            </line>
          </reporter-output>
        </test-method> <!-- beforeTest -->
        <test-method status="PASS" signature="loginLogoutTestWithCorrectCredencials(java.lang.String, java.lang.String)[pri:0, instance:testNG.loginLogoutDataDriveTesintUsingTestNG@72d818d1]" name="loginLogoutTestWithCorrectCredencials" duration-ms="6907" started-at="2018-11-05T00:33:13Z" data-provider="dpCorrectPassword" finished-at="2018-11-05T00:33:20Z">
          <params>
            <param index="0">
              <value>
                <![CDATA[a]]>
              </value>
            </param>
            <param index="1">
              <value>
                <![CDATA[a]]>
              </value>
            </param>
          </params>
          <reporter-output>
            <line>
              <![CDATA[This test is : testNG.loginLogoutDataDriveTesintUsingTestNG]]>
            </line>
            <line>
              <![CDATA[The current parameter methods are : , a, a]]>
            </line>
            <line>
              <![CDATA[ Status of the test is: Started]]>
            </line>
            <line>
              <![CDATA[Method is about to run: org.testng.internal.TestNGMethod, loginLogoutTestWithCorrectCredencials]]>
            </line>
            <line>
              <![CDATA[org.testng.internal.InvokedMethod, loginLogoutDataDriveTesintUsingTestNG.loginLogoutTestWithCorrectCredencials(java.lang.String, java.lang.String)[pri:0, instance:testNG.loginLogoutDataDriveTesintUsingTestNG@72d818d1]]]>
            </line>
            <line>
              <![CDATA[This test is : testNG.loginLogoutDataDriveTesintUsingTestNG]]>
            </line>
            <line>
              <![CDATA[The current parameter methods are : , a, a]]>
            </line>
            <line>
              <![CDATA[ Status of the test is: Success]]>
            </line>
          </reporter-output>
        </test-method> <!-- loginLogoutTestWithCorrectCredencials -->
        <test-method status="PASS" signature="beforeTest()[pri:0, instance:testNG.loginLogoutDataDriveTesintUsingTestNG@72d818d1]" name="beforeTest" is-config="true" duration-ms="1" started-at="2018-11-05T00:33:20Z" finished-at="2018-11-05T00:33:20Z">
          <reporter-output>
            <line>
              <![CDATA[org.testng.internal.InvokedMethod, loginLogoutDataDriveTesintUsingTestNG.beforeTest()[pri:0, instance:testNG.loginLogoutDataDriveTesintUsingTestNG@72d818d1]]]>
            </line>
          </reporter-output>
        </test-method> <!-- beforeTest -->
        <test-method status="PASS" signature="loginLogoutTestWithCorrectCredencials(java.lang.String, java.lang.String)[pri:0, instance:testNG.loginLogoutDataDriveTesintUsingTestNG@72d818d1]" name="loginLogoutTestWithCorrectCredencials" duration-ms="8988" started-at="2018-11-05T00:33:20Z" data-provider="dpCorrectPassword" finished-at="2018-11-05T00:33:29Z">
          <params>
            <param index="0">
              <value>
                <![CDATA[b]]>
              </value>
            </param>
            <param index="1">
              <value>
                <![CDATA[b]]>
              </value>
            </param>
          </params>
          <reporter-output>
            <line>
              <![CDATA[This test is : testNG.loginLogoutDataDriveTesintUsingTestNG]]>
            </line>
            <line>
              <![CDATA[The current parameter methods are : , b, b]]>
            </line>
            <line>
              <![CDATA[ Status of the test is: Started]]>
            </line>
            <line>
              <![CDATA[Method is about to run: org.testng.internal.TestNGMethod, loginLogoutTestWithCorrectCredencials]]>
            </line>
            <line>
              <![CDATA[org.testng.internal.InvokedMethod, loginLogoutDataDriveTesintUsingTestNG.loginLogoutTestWithCorrectCredencials(java.lang.String, java.lang.String)[pri:0, instance:testNG.loginLogoutDataDriveTesintUsingTestNG@72d818d1]]]>
            </line>
            <line>
              <![CDATA[This test is : testNG.loginLogoutDataDriveTesintUsingTestNG]]>
            </line>
            <line>
              <![CDATA[The current parameter methods are : , b, b]]>
            </line>
            <line>
              <![CDATA[ Status of the test is: Success]]>
            </line>
          </reporter-output>
        </test-method> <!-- loginLogoutTestWithCorrectCredencials -->
        <test-method status="PASS" signature="loginLogoutTestWithCorrectCredencials(java.lang.String, java.lang.String)[pri:0, instance:testNG.loginLogoutDataDriveTesintUsingTestNG@72d818d1]" name="loginLogoutTestWithCorrectCredencials" duration-ms="8933" started-at="2018-11-05T00:33:29Z" data-provider="dpCorrectPassword" finished-at="2018-11-05T00:33:37Z">
          <params>
            <param index="0">
              <value>
                <![CDATA[c]]>
              </value>
            </param>
            <param index="1">
              <value>
                <![CDATA[c]]>
              </value>
            </param>
          </params>
          <reporter-output>
            <line>
              <![CDATA[This test is : testNG.loginLogoutDataDriveTesintUsingTestNG]]>
            </line>
            <line>
              <![CDATA[The current parameter methods are : , c, c]]>
            </line>
            <line>
              <![CDATA[ Status of the test is: Started]]>
            </line>
            <line>
              <![CDATA[Method is about to run: org.testng.internal.TestNGMethod, loginLogoutTestWithCorrectCredencials]]>
            </line>
            <line>
              <![CDATA[org.testng.internal.InvokedMethod, loginLogoutDataDriveTesintUsingTestNG.loginLogoutTestWithCorrectCredencials(java.lang.String, java.lang.String)[pri:0, instance:testNG.loginLogoutDataDriveTesintUsingTestNG@72d818d1]]]>
            </line>
            <line>
              <![CDATA[This test is : testNG.loginLogoutDataDriveTesintUsingTestNG]]>
            </line>
            <line>
              <![CDATA[The current parameter methods are : , c, c]]>
            </line>
            <line>
              <![CDATA[ Status of the test is: Success]]>
            </line>
          </reporter-output>
        </test-method> <!-- loginLogoutTestWithCorrectCredencials -->
        <test-method status="PASS" signature="beforeTest()[pri:0, instance:testNG.loginLogoutDataDriveTesintUsingTestNG@72d818d1]" name="beforeTest" is-config="true" duration-ms="0" started-at="2018-11-05T00:33:29Z" finished-at="2018-11-05T00:33:29Z">
          <reporter-output>
            <line>
              <![CDATA[org.testng.internal.InvokedMethod, loginLogoutDataDriveTesintUsingTestNG.beforeTest()[pri:0, instance:testNG.loginLogoutDataDriveTesintUsingTestNG@72d818d1]]]>
            </line>
          </reporter-output>
        </test-method> <!-- beforeTest -->
        <test-method status="FAIL" signature="loginLogoutTestWithCorrectCredencials(java.lang.String, java.lang.String)[pri:0, instance:testNG.loginLogoutDataDriveTesintUsingTestNG@72d818d1]" name="loginLogoutTestWithCorrectCredencials" duration-ms="6316" started-at="2018-11-05T00:33:37Z" data-provider="dpCorrectPassword" finished-at="2018-11-05T00:33:44Z">
          <params>
            <param index="0">
              <value>
                <![CDATA[d]]>
              </value>
            </param>
            <param index="1">
              <value>
                <![CDATA[ddsf]]>
              </value>
            </param>
          </params>
          <exception class="java.lang.AssertionError">
            <message>
              <![CDATA[null]]>
            </message>
            <full-stacktrace>
              <![CDATA[java.lang.AssertionError: null
at org.testng.Assert.fail(Assert.java:96)
at org.testng.Assert.fail(Assert.java:103)
at testNG.loginLogoutDataDriveTesintUsingTestNG.loginLogoutTestWithCorrectCredencials(loginLogoutDataDriveTesintUsingTestNG.java:54)
at sun.reflect.NativeMethodAccessorImpl.invoke0(Native Method)
at sun.reflect.NativeMethodAccessorImpl.invoke(Unknown Source)
at sun.reflect.DelegatingMethodAccessorImpl.invoke(Unknown Source)
at java.lang.reflect.Method.invoke(Unknown Source)
at org.testng.internal.MethodInvocationHelper.invokeMethod(MethodInvocationHelper.java:124)
at org.testng.internal.Invoker.invokeMethod(Invoker.java:583)
at org.testng.internal.Invoker.invokeTestMethod(Invoker.java:719)
at org.testng.internal.Invoker.invokeTestMethods(Invoker.java:989)
at org.testng.internal.TestMethodWorker.invokeTestMethods(TestMethodWorker.java:125)
at org.testng.internal.TestMethodWorker.run(TestMethodWorker.java:109)
at org.testng.TestRunner.privateRun(TestRunner.java:648)
at org.testng.TestRunner.run(TestRunner.java:505)
at org.testng.SuiteRunner.runTest(SuiteRunner.java:455)
at org.testng.SuiteRunner.runSequentially(SuiteRunner.java:450)
at org.testng.SuiteRunner.privateRun(SuiteRunner.java:415)
at org.testng.SuiteRunner.run(SuiteRunner.java:364)
at org.testng.SuiteRunnerWorker.runSuite(SuiteRunnerWorker.java:52)
at org.testng.SuiteRunnerWorker.run(SuiteRunnerWorker.java:84)
at org.testng.TestNG.runSuitesSequentially(TestNG.java:1208)
at org.testng.TestNG.runSuitesLocally(TestNG.java:1137)
at org.testng.TestNG.runSuites(TestNG.java:1049)
at org.testng.TestNG.run(TestNG.java:1017)
at org.testng.remote.AbstractRemoteTestNG.run(AbstractRemoteTestNG.java:114)
at org.testng.remote.RemoteTestNG.initAndRun(RemoteTestNG.java:251)
at org.testng.remote.RemoteTestNG.main(RemoteTestNG.java:77)
]]>
            </full-stacktrace>
          </exception> <!-- java.lang.AssertionError -->
          <reporter-output>
            <line>
              <![CDATA[This test is : testNG.loginLogoutDataDriveTesintUsingTestNG]]>
            </line>
            <line>
              <![CDATA[The current parameter methods are : , d, ddsf]]>
            </line>
            <line>
              <![CDATA[ Status of the test is: Started]]>
            </line>
            <line>
              <![CDATA[Method is about to run: org.testng.internal.TestNGMethod, loginLogoutTestWithCorrectCredencials]]>
            </line>
            <line>
              <![CDATA[org.testng.internal.InvokedMethod, loginLogoutDataDriveTesintUsingTestNG.loginLogoutTestWithCorrectCredencials(java.lang.String, java.lang.String)[pri:0, instance:testNG.loginLogoutDataDriveTesintUsingTestNG@72d818d1]]]>
            </line>
            <line>
              <![CDATA[This test is : testNG.loginLogoutDataDriveTesintUsingTestNG]]>
            </line>
            <line>
              <![CDATA[The current parameter methods are : , d, ddsf]]>
            </line>
            <line>
              <![CDATA[ Status of the test is: Failed]]>
            </line>
          </reporter-output>
        </test-method> <!-- loginLogoutTestWithCorrectCredencials -->
        <test-method status="PASS" signature="beforeTest()[pri:0, instance:testNG.loginLogoutDataDriveTesintUsingTestNG@72d818d1]" name="beforeTest" is-config="true" duration-ms="0" started-at="2018-11-05T00:33:37Z" finished-at="2018-11-05T00:33:37Z">
          <reporter-output>
            <line>
              <![CDATA[org.testng.internal.InvokedMethod, loginLogoutDataDriveTesintUsingTestNG.beforeTest()[pri:0, instance:testNG.loginLogoutDataDriveTesintUsingTestNG@72d818d1]]]>
            </line>
          </reporter-output>
        </test-method> <!-- beforeTest -->
        <test-method status="PASS" signature="loginLogoutTestWithCorrectCredencials(java.lang.String, java.lang.String)[pri:0, instance:testNG.loginLogoutDataDriveTesintUsingTestNG@72d818d1]" name="loginLogoutTestWithCorrectCredencials" duration-ms="11722" started-at="2018-11-05T00:33:44Z" data-provider="dpCorrectPassword" finished-at="2018-11-05T00:33:55Z">
          <params>
            <param index="0">
              <value>
                <![CDATA[e]]>
              </value>
            </param>
            <param index="1">
              <value>
                <![CDATA[e]]>
              </value>
            </param>
          </params>
          <reporter-output>
            <line>
              <![CDATA[This test is : testNG.loginLogoutDataDriveTesintUsingTestNG]]>
            </line>
            <line>
              <![CDATA[The current parameter methods are : , e, e]]>
            </line>
            <line>
              <![CDATA[ Status of the test is: Started]]>
            </line>
            <line>
              <![CDATA[Method is about to run: org.testng.internal.TestNGMethod, loginLogoutTestWithCorrectCredencials]]>
            </line>
            <line>
              <![CDATA[org.testng.internal.InvokedMethod, loginLogoutDataDriveTesintUsingTestNG.loginLogoutTestWithCorrectCredencials(java.lang.String, java.lang.String)[pri:0, instance:testNG.loginLogoutDataDriveTesintUsingTestNG@72d818d1]]]>
            </line>
            <line>
              <![CDATA[This test is : testNG.loginLogoutDataDriveTesintUsingTestNG]]>
            </line>
            <line>
              <![CDATA[The current parameter methods are : , e, e]]>
            </line>
            <line>
              <![CDATA[ Status of the test is: Success]]>
            </line>
          </reporter-output>
        </test-method> <!-- loginLogoutTestWithCorrectCredencials -->
        <test-method status="PASS" signature="beforeTest()[pri:0, instance:testNG.loginLogoutDataDriveTesintUsingTestNG@72d818d1]" name="beforeTest" is-config="true" duration-ms="0" started-at="2018-11-05T00:33:44Z" finished-at="2018-11-05T00:33:44Z">
          <reporter-output>
            <line>
              <![CDATA[org.testng.internal.InvokedMethod, loginLogoutDataDriveTesintUsingTestNG.beforeTest()[pri:0, instance:testNG.loginLogoutDataDriveTesintUsingTestNG@72d818d1]]]>
            </line>
          </reporter-output>
        </test-method> <!-- beforeTest -->
        <test-method status="PASS" signature="beforeTest()[pri:0, instance:testNG.loginLogoutDataDriveTesintUsingTestNG@72d818d1]" name="beforeTest" is-config="true" duration-ms="1" started-at="2018-11-05T00:33:55Z" finished-at="2018-11-05T00:33:55Z">
          <reporter-output>
            <line>
              <![CDATA[org.testng.internal.InvokedMethod, loginLogoutDataDriveTesintUsingTestNG.beforeTest()[pri:0, instance:testNG.loginLogoutDataDriveTesintUsingTestNG@72d818d1]]]>
            </line>
          </reporter-output>
        </test-method> <!-- beforeTest -->
        <test-method status="FAIL" signature="loginLogoutTestWithCorrectCredencials(java.lang.String, java.lang.String)[pri:0, instance:testNG.loginLogoutDataDriveTesintUsingTestNG@72d818d1]" name="loginLogoutTestWithCorrectCredencials" duration-ms="6289" started-at="2018-11-05T00:33:55Z" data-provider="dpCorrectPassword" finished-at="2018-11-05T00:34:02Z">
          <params>
            <param index="0">
              <value>
                <![CDATA[f]]>
              </value>
            </param>
            <param index="1">
              <value>
                <![CDATA[f]]>
              </value>
            </param>
          </params>
          <exception class="java.lang.AssertionError">
            <message>
              <![CDATA[null]]>
            </message>
            <full-stacktrace>
              <![CDATA[java.lang.AssertionError: null
at org.testng.Assert.fail(Assert.java:96)
at org.testng.Assert.fail(Assert.java:103)
at testNG.loginLogoutDataDriveTesintUsingTestNG.loginLogoutTestWithCorrectCredencials(loginLogoutDataDriveTesintUsingTestNG.java:54)
at sun.reflect.NativeMethodAccessorImpl.invoke0(Native Method)
at sun.reflect.NativeMethodAccessorImpl.invoke(Unknown Source)
at sun.reflect.DelegatingMethodAccessorImpl.invoke(Unknown Source)
at java.lang.reflect.Method.invoke(Unknown Source)
at org.testng.internal.MethodInvocationHelper.invokeMethod(MethodInvocationHelper.java:124)
at org.testng.internal.Invoker.invokeMethod(Invoker.java:583)
at org.testng.internal.Invoker.invokeTestMethod(Invoker.java:719)
at org.testng.internal.Invoker.invokeTestMethods(Invoker.java:989)
at org.testng.internal.TestMethodWorker.invokeTestMethods(TestMethodWorker.java:125)
at org.testng.internal.TestMethodWorker.run(TestMethodWorker.java:109)
at org.testng.TestRunner.privateRun(TestRunner.java:648)
at org.testng.TestRunner.run(TestRunner.java:505)
at org.testng.SuiteRunner.runTest(SuiteRunner.java:455)
at org.testng.SuiteRunner.runSequentially(SuiteRunner.java:450)
at org.testng.SuiteRunner.privateRun(SuiteRunner.java:415)
at org.testng.SuiteRunner.run(SuiteRunner.java:364)
at org.testng.SuiteRunnerWorker.runSuite(SuiteRunnerWorker.java:52)
at org.testng.SuiteRunnerWorker.run(SuiteRunnerWorker.java:84)
at org.testng.TestNG.runSuitesSequentially(TestNG.java:1208)
at org.testng.TestNG.runSuitesLocally(TestNG.java:1137)
at org.testng.TestNG.runSuites(TestNG.java:1049)
at org.testng.TestNG.run(TestNG.java:1017)
at org.testng.remote.AbstractRemoteTestNG.run(AbstractRemoteTestNG.java:114)
at org.testng.remote.RemoteTestNG.initAndRun(RemoteTestNG.java:251)
at org.testng.remote.RemoteTestNG.main(RemoteTestNG.java:77)
]]>
            </full-stacktrace>
          </exception> <!-- java.lang.AssertionError -->
          <reporter-output>
            <line>
              <![CDATA[This test is : testNG.loginLogoutDataDriveTesintUsingTestNG]]>
            </line>
            <line>
              <![CDATA[The current parameter methods are : , f, f]]>
            </line>
            <line>
              <![CDATA[ Status of the test is: Started]]>
            </line>
            <line>
              <![CDATA[Method is about to run: org.testng.internal.TestNGMethod, loginLogoutTestWithCorrectCredencials]]>
            </line>
            <line>
              <![CDATA[org.testng.internal.InvokedMethod, loginLogoutDataDriveTesintUsingTestNG.loginLogoutTestWithCorrectCredencials(java.lang.String, java.lang.String)[pri:0, instance:testNG.loginLogoutDataDriveTesintUsingTestNG@72d818d1]]]>
            </line>
            <line>
              <![CDATA[This test is : testNG.loginLogoutDataDriveTesintUsingTestNG]]>
            </line>
            <line>
              <![CDATA[The current parameter methods are : , f, f]]>
            </line>
            <line>
              <![CDATA[ Status of the test is: Failed]]>
            </line>
          </reporter-output>
        </test-method> <!-- loginLogoutTestWithCorrectCredencials -->
        <test-method status="PASS" signature="loginLogoutTestWtihIncorrectCredencials(java.lang.String, java.lang.String)[pri:0, instance:testNG.loginLogoutDataDriveTesintUsingTestNG@72d818d1]" name="loginLogoutTestWtihIncorrectCredencials" duration-ms="6394" started-at="2018-11-05T00:34:02Z" data-provider="dpIncorrectCredencials" finished-at="2018-11-05T00:34:08Z">
          <params>
            <param index="0">
              <value>
                <![CDATA[awerew]]>
              </value>
            </param>
            <param index="1">
              <value>
                <![CDATA[a]]>
              </value>
            </param>
          </params>
          <reporter-output>
            <line>
              <![CDATA[This test is : testNG.loginLogoutDataDriveTesintUsingTestNG]]>
            </line>
            <line>
              <![CDATA[The current parameter methods are : , awerew, a]]>
            </line>
            <line>
              <![CDATA[ Status of the test is: Started]]>
            </line>
            <line>
              <![CDATA[Method is about to run: org.testng.internal.TestNGMethod, loginLogoutTestWtihIncorrectCredencials]]>
            </line>
            <line>
              <![CDATA[org.testng.internal.InvokedMethod, loginLogoutDataDriveTesintUsingTestNG.loginLogoutTestWtihIncorrectCredencials(java.lang.String, java.lang.String)[pri:0, instance:testNG.loginLogoutDataDriveTesintUsingTestNG@72d818d1]]]>
            </line>
            <line>
              <![CDATA[This test is : testNG.loginLogoutDataDriveTesintUsingTestNG]]>
            </line>
            <line>
              <![CDATA[The current parameter methods are : , awerew, a]]>
            </line>
            <line>
              <![CDATA[ Status of the test is: Success]]>
            </line>
          </reporter-output>
        </test-method> <!-- loginLogoutTestWtihIncorrectCredencials -->
        <test-method status="PASS" signature="beforeTest()[pri:0, instance:testNG.loginLogoutDataDriveTesintUsingTestNG@72d818d1]" name="beforeTest" is-config="true" duration-ms="0" started-at="2018-11-05T00:34:02Z" finished-at="2018-11-05T00:34:02Z">
          <reporter-output>
            <line>
              <![CDATA[org.testng.internal.InvokedMethod, loginLogoutDataDriveTesintUsingTestNG.beforeTest()[pri:0, instance:testNG.loginLogoutDataDriveTesintUsingTestNG@72d818d1]]]>
            </line>
          </reporter-output>
        </test-method> <!-- beforeTest -->
        <test-method status="PASS" signature="loginLogoutTestWtihIncorrectCredencials(java.lang.String, java.lang.String)[pri:0, instance:testNG.loginLogoutDataDriveTesintUsingTestNG@72d818d1]" name="loginLogoutTestWtihIncorrectCredencials" duration-ms="6423" started-at="2018-11-05T00:34:08Z" data-provider="dpIncorrectCredencials" finished-at="2018-11-05T00:34:15Z">
          <params>
            <param index="0">
              <value>
                <![CDATA[ ]]>
              </value>
            </param>
            <param index="1">
              <value>
                <![CDATA[b]]>
              </value>
            </param>
          </params>
          <reporter-output>
            <line>
              <![CDATA[This test is : testNG.loginLogoutDataDriveTesintUsingTestNG]]>
            </line>
            <line>
              <![CDATA[The current parameter methods are : ,  , b]]>
            </line>
            <line>
              <![CDATA[ Status of the test is: Started]]>
            </line>
            <line>
              <![CDATA[Method is about to run: org.testng.internal.TestNGMethod, loginLogoutTestWtihIncorrectCredencials]]>
            </line>
            <line>
              <![CDATA[org.testng.internal.InvokedMethod, loginLogoutDataDriveTesintUsingTestNG.loginLogoutTestWtihIncorrectCredencials(java.lang.String, java.lang.String)[pri:0, instance:testNG.loginLogoutDataDriveTesintUsingTestNG@72d818d1]]]>
            </line>
            <line>
              <![CDATA[This test is : testNG.loginLogoutDataDriveTesintUsingTestNG]]>
            </line>
            <line>
              <![CDATA[The current parameter methods are : ,  , b]]>
            </line>
            <line>
              <![CDATA[ Status of the test is: Success]]>
            </line>
          </reporter-output>
        </test-method> <!-- loginLogoutTestWtihIncorrectCredencials -->
        <test-method status="PASS" signature="beforeTest()[pri:0, instance:testNG.loginLogoutDataDriveTesintUsingTestNG@72d818d1]" name="beforeTest" is-config="true" duration-ms="0" started-at="2018-11-05T00:34:08Z" finished-at="2018-11-05T00:34:08Z">
          <reporter-output>
            <line>
              <![CDATA[org.testng.internal.InvokedMethod, loginLogoutDataDriveTesintUsingTestNG.beforeTest()[pri:0, instance:testNG.loginLogoutDataDriveTesintUsingTestNG@72d818d1]]]>
            </line>
          </reporter-output>
        </test-method> <!-- beforeTest -->
        <test-method status="PASS" signature="beforeTest()[pri:0, instance:testNG.loginLogoutDataDriveTesintUsingTestNG@72d818d1]" name="beforeTest" is-config="true" duration-ms="1" started-at="2018-11-05T00:34:15Z" finished-at="2018-11-05T00:34:15Z">
          <reporter-output>
            <line>
              <![CDATA[org.testng.internal.InvokedMethod, loginLogoutDataDriveTesintUsingTestNG.beforeTest()[pri:0, instance:testNG.loginLogoutDataDriveTesintUsingTestNG@72d818d1]]]>
            </line>
          </reporter-output>
        </test-method> <!-- beforeTest -->
        <test-method status="PASS" signature="loginLogoutTestWtihIncorrectCredencials(java.lang.String, java.lang.String)[pri:0, instance:testNG.loginLogoutDataDriveTesintUsingTestNG@72d818d1]" name="loginLogoutTestWtihIncorrectCredencials" duration-ms="6321" started-at="2018-11-05T00:34:15Z" data-provider="dpIncorrectCredencials" finished-at="2018-11-05T00:34:21Z">
          <params>
            <param index="0">
              <value>
                <![CDATA[c]]>
              </value>
            </param>
            <param index="1">
              <value>
                <![CDATA[  ]]>
              </value>
            </param>
          </params>
          <reporter-output>
            <line>
              <![CDATA[This test is : testNG.loginLogoutDataDriveTesintUsingTestNG]]>
            </line>
            <line>
              <![CDATA[The current parameter methods are : , c,   ]]>
            </line>
            <line>
              <![CDATA[ Status of the test is: Started]]>
            </line>
            <line>
              <![CDATA[Method is about to run: org.testng.internal.TestNGMethod, loginLogoutTestWtihIncorrectCredencials]]>
            </line>
            <line>
              <![CDATA[org.testng.internal.InvokedMethod, loginLogoutDataDriveTesintUsingTestNG.loginLogoutTestWtihIncorrectCredencials(java.lang.String, java.lang.String)[pri:0, instance:testNG.loginLogoutDataDriveTesintUsingTestNG@72d818d1]]]>
            </line>
            <line>
              <![CDATA[This test is : testNG.loginLogoutDataDriveTesintUsingTestNG]]>
            </line>
            <line>
              <![CDATA[The current parameter methods are : , c,   ]]>
            </line>
            <line>
              <![CDATA[ Status of the test is: Success]]>
            </line>
          </reporter-output>
        </test-method> <!-- loginLogoutTestWtihIncorrectCredencials -->
        <test-method status="PASS" signature="beforeTest()[pri:0, instance:testNG.loginLogoutDataDriveTesintUsingTestNG@72d818d1]" name="beforeTest" is-config="true" duration-ms="0" started-at="2018-11-05T00:34:21Z" finished-at="2018-11-05T00:34:21Z">
          <reporter-output>
            <line>
              <![CDATA[org.testng.internal.InvokedMethod, loginLogoutDataDriveTesintUsingTestNG.beforeTest()[pri:0, instance:testNG.loginLogoutDataDriveTesintUsingTestNG@72d818d1]]]>
            </line>
          </reporter-output>
        </test-method> <!-- beforeTest -->
        <test-method status="PASS" signature="loginLogoutTestWtihIncorrectCredencials(java.lang.String, java.lang.String)[pri:0, instance:testNG.loginLogoutDataDriveTesintUsingTestNG@72d818d1]" name="loginLogoutTestWtihIncorrectCredencials" duration-ms="6414" started-at="2018-11-05T00:34:21Z" data-provider="dpIncorrectCredencials" finished-at="2018-11-05T00:34:27Z">
          <params>
            <param index="0">
              <value>
                <![CDATA[ ]]>
              </value>
            </param>
            <param index="1">
              <value>
                <![CDATA[  ]]>
              </value>
            </param>
          </params>
          <reporter-output>
            <line>
              <![CDATA[This test is : testNG.loginLogoutDataDriveTesintUsingTestNG]]>
            </line>
            <line>
              <![CDATA[The current parameter methods are : ,  ,   ]]>
            </line>
            <line>
              <![CDATA[ Status of the test is: Started]]>
            </line>
            <line>
              <![CDATA[Method is about to run: org.testng.internal.TestNGMethod, loginLogoutTestWtihIncorrectCredencials]]>
            </line>
            <line>
              <![CDATA[org.testng.internal.InvokedMethod, loginLogoutDataDriveTesintUsingTestNG.loginLogoutTestWtihIncorrectCredencials(java.lang.String, java.lang.String)[pri:0, instance:testNG.loginLogoutDataDriveTesintUsingTestNG@72d818d1]]]>
            </line>
            <line>
              <![CDATA[This test is : testNG.loginLogoutDataDriveTesintUsingTestNG]]>
            </line>
            <line>
              <![CDATA[The current parameter methods are : ,  ,   ]]>
            </line>
            <line>
              <![CDATA[ Status of the test is: Success]]>
            </line>
          </reporter-output>
        </test-method> <!-- loginLogoutTestWtihIncorrectCredencials -->
        <test-method status="PASS" signature="loginLogoutTestWtihIncorrectCredencials(java.lang.String, java.lang.String)[pri:0, instance:testNG.loginLogoutDataDriveTesintUsingTestNG@72d818d1]" name="loginLogoutTestWtihIncorrectCredencials" duration-ms="6395" started-at="2018-11-05T00:34:27Z" data-provider="dpIncorrectCredencials" finished-at="2018-11-05T00:34:34Z">
          <params>
            <param index="0">
              <value>
                <![CDATA[d%^7rtyrty]]>
              </value>
            </param>
            <param index="1">
              <value>
                <![CDATA[d]]>
              </value>
            </param>
          </params>
          <reporter-output>
            <line>
              <![CDATA[This test is : testNG.loginLogoutDataDriveTesintUsingTestNG]]>
            </line>
            <line>
              <![CDATA[The current parameter methods are : , d%^7rtyrty, d]]>
            </line>
            <line>
              <![CDATA[ Status of the test is: Started]]>
            </line>
            <line>
              <![CDATA[Method is about to run: org.testng.internal.TestNGMethod, loginLogoutTestWtihIncorrectCredencials]]>
            </line>
            <line>
              <![CDATA[org.testng.internal.InvokedMethod, loginLogoutDataDriveTesintUsingTestNG.loginLogoutTestWtihIncorrectCredencials(java.lang.String, java.lang.String)[pri:0, instance:testNG.loginLogoutDataDriveTesintUsingTestNG@72d818d1]]]>
            </line>
            <line>
              <![CDATA[This test is : testNG.loginLogoutDataDriveTesintUsingTestNG]]>
            </line>
            <line>
              <![CDATA[The current parameter methods are : , d%^7rtyrty, d]]>
            </line>
            <line>
              <![CDATA[ Status of the test is: Success]]>
            </line>
          </reporter-output>
        </test-method> <!-- loginLogoutTestWtihIncorrectCredencials -->
        <test-method status="PASS" signature="beforeTest()[pri:0, instance:testNG.loginLogoutDataDriveTesintUsingTestNG@72d818d1]" name="beforeTest" is-config="true" duration-ms="0" started-at="2018-11-05T00:34:27Z" finished-at="2018-11-05T00:34:27Z">
          <reporter-output>
            <line>
              <![CDATA[org.testng.internal.InvokedMethod, loginLogoutDataDriveTesintUsingTestNG.beforeTest()[pri:0, instance:testNG.loginLogoutDataDriveTesintUsingTestNG@72d818d1]]]>
            </line>
          </reporter-output>
        </test-method> <!-- beforeTest -->
        <test-method status="PASS" signature="loginLogoutTestWtihIncorrectCredencials(java.lang.String, java.lang.String)[pri:0, instance:testNG.loginLogoutDataDriveTesintUsingTestNG@72d818d1]" name="loginLogoutTestWtihIncorrectCredencials" duration-ms="6342" started-at="2018-11-05T00:34:34Z" data-provider="dpIncorrectCredencials" finished-at="2018-11-05T00:34:40Z">
          <params>
            <param index="0">
              <value>
                <![CDATA[e13311]]>
              </value>
            </param>
            <param index="1">
              <value>
                <![CDATA[e]]>
              </value>
            </param>
          </params>
          <reporter-output>
            <line>
              <![CDATA[This test is : testNG.loginLogoutDataDriveTesintUsingTestNG]]>
            </line>
            <line>
              <![CDATA[The current parameter methods are : , e13311, e]]>
            </line>
            <line>
              <![CDATA[ Status of the test is: Started]]>
            </line>
            <line>
              <![CDATA[Method is about to run: org.testng.internal.TestNGMethod, loginLogoutTestWtihIncorrectCredencials]]>
            </line>
            <line>
              <![CDATA[org.testng.internal.InvokedMethod, loginLogoutDataDriveTesintUsingTestNG.loginLogoutTestWtihIncorrectCredencials(java.lang.String, java.lang.String)[pri:0, instance:testNG.loginLogoutDataDriveTesintUsingTestNG@72d818d1]]]>
            </line>
            <line>
              <![CDATA[This test is : testNG.loginLogoutDataDriveTesintUsingTestNG]]>
            </line>
            <line>
              <![CDATA[The current parameter methods are : , e13311, e]]>
            </line>
            <line>
              <![CDATA[ Status of the test is: Success]]>
            </line>
          </reporter-output>
        </test-method> <!-- loginLogoutTestWtihIncorrectCredencials -->
        <test-method status="PASS" signature="beforeTest()[pri:0, instance:testNG.loginLogoutDataDriveTesintUsingTestNG@72d818d1]" name="beforeTest" is-config="true" duration-ms="0" started-at="2018-11-05T00:34:34Z" finished-at="2018-11-05T00:34:34Z">
          <reporter-output>
            <line>
              <![CDATA[org.testng.internal.InvokedMethod, loginLogoutDataDriveTesintUsingTestNG.beforeTest()[pri:0, instance:testNG.loginLogoutDataDriveTesintUsingTestNG@72d818d1]]]>
            </line>
          </reporter-output>
        </test-method> <!-- beforeTest -->
        <test-method status="PASS" signature="loginLogoutTestWtihIncorrectCredencials(java.lang.String, java.lang.String)[pri:0, instance:testNG.loginLogoutDataDriveTesintUsingTestNG@72d818d1]" name="loginLogoutTestWtihIncorrectCredencials" duration-ms="5938" started-at="2018-11-05T00:34:40Z" data-provider="dpIncorrectCredencials" finished-at="2018-11-05T00:34:46Z">
          <params>
            <param index="0">
              <value>
                <![CDATA[f#$#$#]]>
              </value>
            </param>
            <param index="1">
              <value>
                <![CDATA[f]]>
              </value>
            </param>
          </params>
          <reporter-output>
            <line>
              <![CDATA[This test is : testNG.loginLogoutDataDriveTesintUsingTestNG]]>
            </line>
            <line>
              <![CDATA[The current parameter methods are : , f#$#$#, f]]>
            </line>
            <line>
              <![CDATA[ Status of the test is: Started]]>
            </line>
            <line>
              <![CDATA[Method is about to run: org.testng.internal.TestNGMethod, loginLogoutTestWtihIncorrectCredencials]]>
            </line>
            <line>
              <![CDATA[org.testng.internal.InvokedMethod, loginLogoutDataDriveTesintUsingTestNG.loginLogoutTestWtihIncorrectCredencials(java.lang.String, java.lang.String)[pri:0, instance:testNG.loginLogoutDataDriveTesintUsingTestNG@72d818d1]]]>
            </line>
            <line>
              <![CDATA[This test is : testNG.loginLogoutDataDriveTesintUsingTestNG]]>
            </line>
            <line>
              <![CDATA[The current parameter methods are : , f#$#$#, f]]>
            </line>
            <line>
              <![CDATA[ Status of the test is: Success]]>
            </line>
          </reporter-output>
        </test-method> <!-- loginLogoutTestWtihIncorrectCredencials -->
        <test-method status="PASS" signature="beforeTest()[pri:0, instance:testNG.loginLogoutDataDriveTesintUsingTestNG@72d818d1]" name="beforeTest" is-config="true" duration-ms="0" started-at="2018-11-05T00:34:40Z" finished-at="2018-11-05T00:34:40Z">
          <reporter-output>
            <line>
              <![CDATA[org.testng.internal.InvokedMethod, loginLogoutDataDriveTesintUsingTestNG.beforeTest()[pri:0, instance:testNG.loginLogoutDataDriveTesintUsingTestNG@72d818d1]]]>
            </line>
          </reporter-output>
        </test-method> <!-- beforeTest -->
        <test-method status="PASS" signature="afterClass()[pri:0, instance:testNG.loginLogoutDataDriveTesintUsingTestNG@72d818d1]" name="afterClass" is-config="true" duration-ms="898" started-at="2018-11-05T00:34:46Z" finished-at="2018-11-05T00:34:47Z">
          <reporter-output>
            <line>
              <![CDATA[org.testng.internal.InvokedMethod, loginLogoutDataDriveTesintUsingTestNG.afterClass()[pri:0, instance:testNG.loginLogoutDataDriveTesintUsingTestNG@72d818d1]]]>
            </line>
          </reporter-output>
        </test-method> <!-- afterClass -->
      </class> <!-- testNG.loginLogoutDataDriveTesintUsingTestNG -->
    </test> <!-- Default test -->
  </suite> <!-- Default suite -->
</testng-results>
