<?xml version="1.0" encoding="UTF-8"?>
<testng-results skipped="13" failed="18" total="63" passed="32">
  <reporter-output>
    <line>
      <![CDATA[Ready to run suite : Suite]]>
    </line>
    <line>
      <![CDATA[Ready to run suite : Suite]]>
    </line>
    <line>
      <![CDATA[Method is about to run: org.testng.internal.ConfigurationMethod, beforeSuite]]>
    </line>
    <line>
      <![CDATA[Method is about to run: org.testng.internal.ConfigurationMethod, beforeSuite]]>
    </line>
    <line>
      <![CDATA[org.testng.internal.InvokedMethod, LoginTest.beforeSuite()[pri:0, instance:TestersGroupID.TestNGArtifactID.LoginTest@4e9ba398]]]>
    </line>
    <line>
      <![CDATA[org.testng.internal.InvokedMethod, LoginTest.beforeSuite()[pri:0, instance:TestersGroupID.TestNGArtifactID.LoginTest@4e9ba398]]]>
    </line>
    <line>
      <![CDATA[Method is about to run: org.testng.internal.ConfigurationMethod, beforeSuite]]>
    </line>
    <line>
      <![CDATA[Method is about to run: org.testng.internal.ConfigurationMethod, beforeSuite]]>
    </line>
    <line>
      <![CDATA[org.testng.internal.InvokedMethod, PriorityAndDependsOn.beforeSuite()[pri:0, instance:TestersGroupID.TestNGArtifactID.PriorityAndDependsOn@6d7b4f4c]]]>
    </line>
    <line>
      <![CDATA[org.testng.internal.InvokedMethod, PriorityAndDependsOn.beforeSuite()[pri:0, instance:TestersGroupID.TestNGArtifactID.PriorityAndDependsOn@6d7b4f4c]]]>
    </line>
    <line>
      <![CDATA[Method is about to run: org.testng.internal.ConfigurationMethod, beforeTest]]>
    </line>
    <line>
      <![CDATA[Method is about to run: org.testng.internal.ConfigurationMethod, beforeTest]]>
    </line>
    <line>
      <![CDATA[org.testng.internal.InvokedMethod, LoginTest.beforeTest()[pri:0, instance:TestersGroupID.TestNGArtifactID.LoginTest@ff5b51f]]]>
    </line>
    <line>
      <![CDATA[org.testng.internal.InvokedMethod, LoginTest.beforeTest()[pri:0, instance:TestersGroupID.TestNGArtifactID.LoginTest@ff5b51f]]]>
    </line>
    <line>
      <![CDATA[Method is about to run: org.testng.internal.ConfigurationMethod, SelectBrowser]]>
    </line>
    <line>
      <![CDATA[Method is about to run: org.testng.internal.ConfigurationMethod, SelectBrowser]]>
    </line>
    <line>
      <![CDATA[org.testng.internal.InvokedMethod, PassingParameter.SelectBrowser(java.lang.String, java.lang.String)[pri:0, instance:TestersGroupID.TestNGArtifactID.PassingParameter@31a5c39e]]]>
    </line>
    <line>
      <![CDATA[org.testng.internal.InvokedMethod, PassingParameter.SelectBrowser(java.lang.String, java.lang.String)[pri:0, instance:TestersGroupID.TestNGArtifactID.PassingParameter@31a5c39e]]]>
    </line>
    <line>
      <![CDATA[Method is about to run: org.testng.internal.ConfigurationMethod, beforeClass]]>
    </line>
    <line>
      <![CDATA[Method is about to run: org.testng.internal.ConfigurationMethod, beforeClass]]>
    </line>
    <line>
      <![CDATA[org.testng.internal.InvokedMethod, LoginTest.beforeClass()[pri:0, instance:TestersGroupID.TestNGArtifactID.LoginTest@ff5b51f]]]>
    </line>
    <line>
      <![CDATA[org.testng.internal.InvokedMethod, LoginTest.beforeClass()[pri:0, instance:TestersGroupID.TestNGArtifactID.LoginTest@ff5b51f]]]>
    </line>
    <line>
      <![CDATA[Method is about to run: org.testng.internal.ConfigurationMethod, setVariables]]>
    </line>
    <line>
      <![CDATA[Method is about to run: org.testng.internal.ConfigurationMethod, setVariables]]>
    </line>
    <line>
      <![CDATA[org.testng.internal.InvokedMethod, LoginTest.setVariables()[pri:0, instance:TestersGroupID.TestNGArtifactID.LoginTest@ff5b51f]]]>
    </line>
    <line>
      <![CDATA[org.testng.internal.InvokedMethod, LoginTest.setVariables()[pri:0, instance:TestersGroupID.TestNGArtifactID.LoginTest@ff5b51f]]]>
    </line>
    <line>
      <![CDATA[Method is about to run: org.testng.internal.TestNGMethod, loginTestWithCorrectCredencials]]>
    </line>
    <line>
      <![CDATA[Method is about to run: org.testng.internal.TestNGMethod, loginTestWithCorrectCredencials]]>
    </line>
    <line>
      <![CDATA[org.testng.internal.InvokedMethod, LoginTest.loginTestWithCorrectCredencials()[pri:0, instance:TestersGroupID.TestNGArtifactID.LoginTest@ff5b51f]]]>
    </line>
    <line>
      <![CDATA[org.testng.internal.InvokedMethod, LoginTest.loginTestWithCorrectCredencials()[pri:0, instance:TestersGroupID.TestNGArtifactID.LoginTest@ff5b51f]]]>
    </line>
    <line>
      <![CDATA[Method is about to run: org.testng.internal.ConfigurationMethod, clearChookies]]>
    </line>
    <line>
      <![CDATA[Method is about to run: org.testng.internal.ConfigurationMethod, clearChookies]]>
    </line>
    <line>
      <![CDATA[org.testng.internal.InvokedMethod, LoginTest.clearChookies()[pri:0, instance:TestersGroupID.TestNGArtifactID.LoginTest@ff5b51f]]]>
    </line>
    <line>
      <![CDATA[org.testng.internal.InvokedMethod, LoginTest.clearChookies()[pri:0, instance:TestersGroupID.TestNGArtifactID.LoginTest@ff5b51f]]]>
    </line>
    <line>
      <![CDATA[Method is about to run: org.testng.internal.ConfigurationMethod, afterClass]]>
    </line>
    <line>
      <![CDATA[Method is about to run: org.testng.internal.ConfigurationMethod, afterClass]]>
    </line>
    <line>
      <![CDATA[org.testng.internal.InvokedMethod, LoginTest.afterClass()[pri:0, instance:TestersGroupID.TestNGArtifactID.LoginTest@ff5b51f]]]>
    </line>
    <line>
      <![CDATA[org.testng.internal.InvokedMethod, LoginTest.afterClass()[pri:0, instance:TestersGroupID.TestNGArtifactID.LoginTest@ff5b51f]]]>
    </line>
    <line>
      <![CDATA[Method is about to run: org.testng.internal.TestNGMethod, phoneTest2]]>
    </line>
    <line>
      <![CDATA[Method is about to run: org.testng.internal.TestNGMethod, phoneTest2]]>
    </line>
    <line>
      <![CDATA[org.testng.internal.InvokedMethod, PriorityAndDependsOn.phoneTest2()[pri:0, instance:TestersGroupID.TestNGArtifactID.PriorityAndDependsOn@5702b3b1]]]>
    </line>
    <line>
      <![CDATA[org.testng.internal.InvokedMethod, PriorityAndDependsOn.phoneTest2()[pri:0, instance:TestersGroupID.TestNGArtifactID.PriorityAndDependsOn@5702b3b1]]]>
    </line>
    <line>
      <![CDATA[Method is about to run: org.testng.internal.TestNGMethod, emailTest4]]>
    </line>
    <line>
      <![CDATA[Method is about to run: org.testng.internal.TestNGMethod, emailTest4]]>
    </line>
    <line>
      <![CDATA[org.testng.internal.InvokedMethod, PriorityAndDependsOn.emailTest4()[pri:0, instance:TestersGroupID.TestNGArtifactID.PriorityAndDependsOn@5702b3b1]]]>
    </line>
    <line>
      <![CDATA[org.testng.internal.InvokedMethod, PriorityAndDependsOn.emailTest4()[pri:0, instance:TestersGroupID.TestNGArtifactID.PriorityAndDependsOn@5702b3b1]]]>
    </line>
    <line>
      <![CDATA[Method is about to run: org.testng.internal.TestNGMethod, emailTest2]]>
    </line>
    <line>
      <![CDATA[Method is about to run: org.testng.internal.TestNGMethod, emailTest2]]>
    </line>
    <line>
      <![CDATA[org.testng.internal.InvokedMethod, PriorityAndDependsOn.emailTest2()[pri:0, instance:TestersGroupID.TestNGArtifactID.PriorityAndDependsOn@5702b3b1]]]>
    </line>
    <line>
      <![CDATA[org.testng.internal.InvokedMethod, PriorityAndDependsOn.emailTest2()[pri:0, instance:TestersGroupID.TestNGArtifactID.PriorityAndDependsOn@5702b3b1]]]>
    </line>
    <line>
      <![CDATA[Method is about to run: org.testng.internal.TestNGMethod, phoneTest3]]>
    </line>
    <line>
      <![CDATA[Method is about to run: org.testng.internal.TestNGMethod, phoneTest3]]>
    </line>
    <line>
      <![CDATA[org.testng.internal.InvokedMethod, PriorityAndDependsOn.phoneTest3()[pri:0, instance:TestersGroupID.TestNGArtifactID.PriorityAndDependsOn@5702b3b1]]]>
    </line>
    <line>
      <![CDATA[org.testng.internal.InvokedMethod, PriorityAndDependsOn.phoneTest3()[pri:0, instance:TestersGroupID.TestNGArtifactID.PriorityAndDependsOn@5702b3b1]]]>
    </line>
    <line>
      <![CDATA[Method is about to run: org.testng.internal.TestNGMethod, phoneTest1]]>
    </line>
    <line>
      <![CDATA[Method is about to run: org.testng.internal.TestNGMethod, phoneTest1]]>
    </line>
    <line>
      <![CDATA[org.testng.internal.InvokedMethod, PriorityAndDependsOn.phoneTest1()[pri:0, instance:TestersGroupID.TestNGArtifactID.PriorityAndDependsOn@5702b3b1]]]>
    </line>
    <line>
      <![CDATA[org.testng.internal.InvokedMethod, PriorityAndDependsOn.phoneTest1()[pri:0, instance:TestersGroupID.TestNGArtifactID.PriorityAndDependsOn@5702b3b1]]]>
    </line>
    <line>
      <![CDATA[Method is about to run: org.testng.internal.TestNGMethod, myTestCase]]>
    </line>
    <line>
      <![CDATA[Method is about to run: org.testng.internal.TestNGMethod, myTestCase]]>
    </line>
    <line>
      <![CDATA[org.testng.internal.InvokedMethod, PassingParameter.myTestCase()[pri:0, instance:TestersGroupID.TestNGArtifactID.PassingParameter@31a5c39e]]]>
    </line>
    <line>
      <![CDATA[org.testng.internal.InvokedMethod, PassingParameter.myTestCase()[pri:0, instance:TestersGroupID.TestNGArtifactID.PassingParameter@31a5c39e]]]>
    </line>
    <line>
      <![CDATA[Method is about to run: org.testng.internal.ConfigurationMethod, afterTest]]>
    </line>
    <line>
      <![CDATA[Method is about to run: org.testng.internal.ConfigurationMethod, afterTest]]>
    </line>
    <line>
      <![CDATA[org.testng.internal.InvokedMethod, LoginTest.afterTest()[pri:0, instance:TestersGroupID.TestNGArtifactID.LoginTest@ff5b51f]]]>
    </line>
    <line>
      <![CDATA[org.testng.internal.InvokedMethod, LoginTest.afterTest()[pri:0, instance:TestersGroupID.TestNGArtifactID.LoginTest@ff5b51f]]]>
    </line>
    <line>
      <![CDATA[Method is about to run: org.testng.internal.ConfigurationMethod, beforeTest]]>
    </line>
    <line>
      <![CDATA[Method is about to run: org.testng.internal.ConfigurationMethod, beforeTest]]>
    </line>
    <line>
      <![CDATA[org.testng.internal.InvokedMethod, LoginTest.beforeTest()[pri:0, instance:TestersGroupID.TestNGArtifactID.LoginTest@21213b92]]]>
    </line>
    <line>
      <![CDATA[org.testng.internal.InvokedMethod, LoginTest.beforeTest()[pri:0, instance:TestersGroupID.TestNGArtifactID.LoginTest@21213b92]]]>
    </line>
    <line>
      <![CDATA[Method is about to run: org.testng.internal.ConfigurationMethod, SelectBrowser]]>
    </line>
    <line>
      <![CDATA[Method is about to run: org.testng.internal.ConfigurationMethod, SelectBrowser]]>
    </line>
    <line>
      <![CDATA[org.testng.internal.InvokedMethod, PassingParameter.SelectBrowser(java.lang.String, java.lang.String)[pri:0, instance:TestersGroupID.TestNGArtifactID.PassingParameter@71318ec4]]]>
    </line>
    <line>
      <![CDATA[org.testng.internal.InvokedMethod, PassingParameter.SelectBrowser(java.lang.String, java.lang.String)[pri:0, instance:TestersGroupID.TestNGArtifactID.PassingParameter@71318ec4]]]>
    </line>
    <line>
      <![CDATA[Method is about to run: org.testng.internal.ConfigurationMethod, beforeClass]]>
    </line>
    <line>
      <![CDATA[Method is about to run: org.testng.internal.ConfigurationMethod, beforeClass]]>
    </line>
    <line>
      <![CDATA[org.testng.internal.InvokedMethod, LoginTest.beforeClass()[pri:0, instance:TestersGroupID.TestNGArtifactID.LoginTest@21213b92]]]>
    </line>
    <line>
      <![CDATA[org.testng.internal.InvokedMethod, LoginTest.beforeClass()[pri:0, instance:TestersGroupID.TestNGArtifactID.LoginTest@21213b92]]]>
    </line>
    <line>
      <![CDATA[Method is about to run: org.testng.internal.ConfigurationMethod, setVariables]]>
    </line>
    <line>
      <![CDATA[Method is about to run: org.testng.internal.ConfigurationMethod, setVariables]]>
    </line>
    <line>
      <![CDATA[org.testng.internal.InvokedMethod, LoginTest.setVariables()[pri:0, instance:TestersGroupID.TestNGArtifactID.LoginTest@21213b92]]]>
    </line>
    <line>
      <![CDATA[org.testng.internal.InvokedMethod, LoginTest.setVariables()[pri:0, instance:TestersGroupID.TestNGArtifactID.LoginTest@21213b92]]]>
    </line>
    <line>
      <![CDATA[Method is about to run: org.testng.internal.TestNGMethod, loginTestWithCorrectCredencials]]>
    </line>
    <line>
      <![CDATA[Method is about to run: org.testng.internal.TestNGMethod, loginTestWithCorrectCredencials]]>
    </line>
    <line>
      <![CDATA[org.testng.internal.InvokedMethod, LoginTest.loginTestWithCorrectCredencials()[pri:0, instance:TestersGroupID.TestNGArtifactID.LoginTest@21213b92]]]>
    </line>
    <line>
      <![CDATA[org.testng.internal.InvokedMethod, LoginTest.loginTestWithCorrectCredencials()[pri:0, instance:TestersGroupID.TestNGArtifactID.LoginTest@21213b92]]]>
    </line>
    <line>
      <![CDATA[Method is about to run: org.testng.internal.ConfigurationMethod, clearChookies]]>
    </line>
    <line>
      <![CDATA[Method is about to run: org.testng.internal.ConfigurationMethod, clearChookies]]>
    </line>
    <line>
      <![CDATA[org.testng.internal.InvokedMethod, LoginTest.clearChookies()[pri:0, instance:TestersGroupID.TestNGArtifactID.LoginTest@21213b92]]]>
    </line>
    <line>
      <![CDATA[org.testng.internal.InvokedMethod, LoginTest.clearChookies()[pri:0, instance:TestersGroupID.TestNGArtifactID.LoginTest@21213b92]]]>
    </line>
    <line>
      <![CDATA[Method is about to run: org.testng.internal.ConfigurationMethod, setVariables]]>
    </line>
    <line>
      <![CDATA[Method is about to run: org.testng.internal.ConfigurationMethod, setVariables]]>
    </line>
    <line>
      <![CDATA[org.testng.internal.InvokedMethod, LoginTest.setVariables()[pri:0, instance:TestersGroupID.TestNGArtifactID.LoginTest@21213b92]]]>
    </line>
    <line>
      <![CDATA[org.testng.internal.InvokedMethod, LoginTest.setVariables()[pri:0, instance:TestersGroupID.TestNGArtifactID.LoginTest@21213b92]]]>
    </line>
    <line>
      <![CDATA[Method is about to run: org.testng.internal.TestNGMethod, loginTestWithWrongCredencials]]>
    </line>
    <line>
      <![CDATA[Method is about to run: org.testng.internal.TestNGMethod, loginTestWithWrongCredencials]]>
    </line>
    <line>
      <![CDATA[org.testng.internal.InvokedMethod, LoginTest.loginTestWithWrongCredencials()[pri:0, instance:TestersGroupID.TestNGArtifactID.LoginTest@21213b92]]]>
    </line>
    <line>
      <![CDATA[org.testng.internal.InvokedMethod, LoginTest.loginTestWithWrongCredencials()[pri:0, instance:TestersGroupID.TestNGArtifactID.LoginTest@21213b92]]]>
    </line>
    <line>
      <![CDATA[Method is about to run: org.testng.internal.ConfigurationMethod, clearChookies]]>
    </line>
    <line>
      <![CDATA[Method is about to run: org.testng.internal.ConfigurationMethod, clearChookies]]>
    </line>
    <line>
      <![CDATA[org.testng.internal.InvokedMethod, LoginTest.clearChookies()[pri:0, instance:TestersGroupID.TestNGArtifactID.LoginTest@21213b92]]]>
    </line>
    <line>
      <![CDATA[org.testng.internal.InvokedMethod, LoginTest.clearChookies()[pri:0, instance:TestersGroupID.TestNGArtifactID.LoginTest@21213b92]]]>
    </line>
    <line>
      <![CDATA[Method is about to run: org.testng.internal.ConfigurationMethod, afterClass]]>
    </line>
    <line>
      <![CDATA[Method is about to run: org.testng.internal.ConfigurationMethod, afterClass]]>
    </line>
    <line>
      <![CDATA[org.testng.internal.InvokedMethod, LoginTest.afterClass()[pri:0, instance:TestersGroupID.TestNGArtifactID.LoginTest@21213b92]]]>
    </line>
    <line>
      <![CDATA[org.testng.internal.InvokedMethod, LoginTest.afterClass()[pri:0, instance:TestersGroupID.TestNGArtifactID.LoginTest@21213b92]]]>
    </line>
    <line>
      <![CDATA[Method is about to run: org.testng.internal.TestNGMethod, phoneTest2]]>
    </line>
    <line>
      <![CDATA[Method is about to run: org.testng.internal.TestNGMethod, phoneTest2]]>
    </line>
    <line>
      <![CDATA[org.testng.internal.InvokedMethod, PriorityAndDependsOn.phoneTest2()[pri:0, instance:TestersGroupID.TestNGArtifactID.PriorityAndDependsOn@a67c67e]]]>
    </line>
    <line>
      <![CDATA[org.testng.internal.InvokedMethod, PriorityAndDependsOn.phoneTest2()[pri:0, instance:TestersGroupID.TestNGArtifactID.PriorityAndDependsOn@a67c67e]]]>
    </line>
    <line>
      <![CDATA[Method is about to run: org.testng.internal.TestNGMethod, emailTest4]]>
    </line>
    <line>
      <![CDATA[Method is about to run: org.testng.internal.TestNGMethod, emailTest4]]>
    </line>
    <line>
      <![CDATA[org.testng.internal.InvokedMethod, PriorityAndDependsOn.emailTest4()[pri:0, instance:TestersGroupID.TestNGArtifactID.PriorityAndDependsOn@a67c67e]]]>
    </line>
    <line>
      <![CDATA[org.testng.internal.InvokedMethod, PriorityAndDependsOn.emailTest4()[pri:0, instance:TestersGroupID.TestNGArtifactID.PriorityAndDependsOn@a67c67e]]]>
    </line>
    <line>
      <![CDATA[Method is about to run: org.testng.internal.TestNGMethod, emailTest2]]>
    </line>
    <line>
      <![CDATA[Method is about to run: org.testng.internal.TestNGMethod, emailTest2]]>
    </line>
    <line>
      <![CDATA[org.testng.internal.InvokedMethod, PriorityAndDependsOn.emailTest2()[pri:0, instance:TestersGroupID.TestNGArtifactID.PriorityAndDependsOn@a67c67e]]]>
    </line>
    <line>
      <![CDATA[org.testng.internal.InvokedMethod, PriorityAndDependsOn.emailTest2()[pri:0, instance:TestersGroupID.TestNGArtifactID.PriorityAndDependsOn@a67c67e]]]>
    </line>
    <line>
      <![CDATA[Method is about to run: org.testng.internal.TestNGMethod, phoneTest3]]>
    </line>
    <line>
      <![CDATA[Method is about to run: org.testng.internal.TestNGMethod, phoneTest3]]>
    </line>
    <line>
      <![CDATA[org.testng.internal.InvokedMethod, PriorityAndDependsOn.phoneTest3()[pri:0, instance:TestersGroupID.TestNGArtifactID.PriorityAndDependsOn@a67c67e]]]>
    </line>
    <line>
      <![CDATA[org.testng.internal.InvokedMethod, PriorityAndDependsOn.phoneTest3()[pri:0, instance:TestersGroupID.TestNGArtifactID.PriorityAndDependsOn@a67c67e]]]>
    </line>
    <line>
      <![CDATA[Method is about to run: org.testng.internal.TestNGMethod, phoneTest1]]>
    </line>
    <line>
      <![CDATA[Method is about to run: org.testng.internal.TestNGMethod, phoneTest1]]>
    </line>
    <line>
      <![CDATA[org.testng.internal.InvokedMethod, PriorityAndDependsOn.phoneTest1()[pri:0, instance:TestersGroupID.TestNGArtifactID.PriorityAndDependsOn@a67c67e]]]>
    </line>
    <line>
      <![CDATA[org.testng.internal.InvokedMethod, PriorityAndDependsOn.phoneTest1()[pri:0, instance:TestersGroupID.TestNGArtifactID.PriorityAndDependsOn@a67c67e]]]>
    </line>
    <line>
      <![CDATA[Method is about to run: org.testng.internal.TestNGMethod, myTestCase]]>
    </line>
    <line>
      <![CDATA[Method is about to run: org.testng.internal.TestNGMethod, myTestCase]]>
    </line>
    <line>
      <![CDATA[org.testng.internal.InvokedMethod, PassingParameter.myTestCase()[pri:0, instance:TestersGroupID.TestNGArtifactID.PassingParameter@71318ec4]]]>
    </line>
    <line>
      <![CDATA[org.testng.internal.InvokedMethod, PassingParameter.myTestCase()[pri:0, instance:TestersGroupID.TestNGArtifactID.PassingParameter@71318ec4]]]>
    </line>
    <line>
      <![CDATA[Method is about to run: org.testng.internal.ConfigurationMethod, afterTest]]>
    </line>
    <line>
      <![CDATA[Method is about to run: org.testng.internal.ConfigurationMethod, afterTest]]>
    </line>
    <line>
      <![CDATA[org.testng.internal.InvokedMethod, LoginTest.afterTest()[pri:0, instance:TestersGroupID.TestNGArtifactID.LoginTest@21213b92]]]>
    </line>
    <line>
      <![CDATA[org.testng.internal.InvokedMethod, LoginTest.afterTest()[pri:0, instance:TestersGroupID.TestNGArtifactID.LoginTest@21213b92]]]>
    </line>
    <line>
      <![CDATA[Method is about to run: org.testng.internal.ConfigurationMethod, beforeTest]]>
    </line>
    <line>
      <![CDATA[Method is about to run: org.testng.internal.ConfigurationMethod, beforeTest]]>
    </line>
    <line>
      <![CDATA[org.testng.internal.InvokedMethod, LoginTest.beforeTest()[pri:0, instance:TestersGroupID.TestNGArtifactID.LoginTest@5383967b]]]>
    </line>
    <line>
      <![CDATA[org.testng.internal.InvokedMethod, LoginTest.beforeTest()[pri:0, instance:TestersGroupID.TestNGArtifactID.LoginTest@5383967b]]]>
    </line>
    <line>
      <![CDATA[Method is about to run: org.testng.internal.ConfigurationMethod, SelectBrowser]]>
    </line>
    <line>
      <![CDATA[Method is about to run: org.testng.internal.ConfigurationMethod, SelectBrowser]]>
    </line>
    <line>
      <![CDATA[org.testng.internal.InvokedMethod, PassingParameter.SelectBrowser(java.lang.String, java.lang.String)[pri:0, instance:TestersGroupID.TestNGArtifactID.PassingParameter@4fe3c938]]]>
    </line>
    <line>
      <![CDATA[org.testng.internal.InvokedMethod, PassingParameter.SelectBrowser(java.lang.String, java.lang.String)[pri:0, instance:TestersGroupID.TestNGArtifactID.PassingParameter@4fe3c938]]]>
    </line>
    <line>
      <![CDATA[Method is about to run: org.testng.internal.ConfigurationMethod, beforeClass]]>
    </line>
    <line>
      <![CDATA[Method is about to run: org.testng.internal.ConfigurationMethod, beforeClass]]>
    </line>
    <line>
      <![CDATA[org.testng.internal.InvokedMethod, LoginTest.beforeClass()[pri:0, instance:TestersGroupID.TestNGArtifactID.LoginTest@5383967b]]]>
    </line>
    <line>
      <![CDATA[org.testng.internal.InvokedMethod, LoginTest.beforeClass()[pri:0, instance:TestersGroupID.TestNGArtifactID.LoginTest@5383967b]]]>
    </line>
    <line>
      <![CDATA[Method is about to run: org.testng.internal.ConfigurationMethod, setVariables]]>
    </line>
    <line>
      <![CDATA[Method is about to run: org.testng.internal.ConfigurationMethod, setVariables]]>
    </line>
    <line>
      <![CDATA[org.testng.internal.InvokedMethod, LoginTest.setVariables()[pri:0, instance:TestersGroupID.TestNGArtifactID.LoginTest@5383967b]]]>
    </line>
    <line>
      <![CDATA[org.testng.internal.InvokedMethod, LoginTest.setVariables()[pri:0, instance:TestersGroupID.TestNGArtifactID.LoginTest@5383967b]]]>
    </line>
    <line>
      <![CDATA[Method is about to run: org.testng.internal.TestNGMethod, loginTestWithCorrectCredencials]]>
    </line>
    <line>
      <![CDATA[Method is about to run: org.testng.internal.TestNGMethod, loginTestWithCorrectCredencials]]>
    </line>
    <line>
      <![CDATA[org.testng.internal.InvokedMethod, LoginTest.loginTestWithCorrectCredencials()[pri:0, instance:TestersGroupID.TestNGArtifactID.LoginTest@5383967b]]]>
    </line>
    <line>
      <![CDATA[org.testng.internal.InvokedMethod, LoginTest.loginTestWithCorrectCredencials()[pri:0, instance:TestersGroupID.TestNGArtifactID.LoginTest@5383967b]]]>
    </line>
    <line>
      <![CDATA[Method is about to run: org.testng.internal.ConfigurationMethod, clearChookies]]>
    </line>
    <line>
      <![CDATA[Method is about to run: org.testng.internal.ConfigurationMethod, clearChookies]]>
    </line>
    <line>
      <![CDATA[org.testng.internal.InvokedMethod, LoginTest.clearChookies()[pri:0, instance:TestersGroupID.TestNGArtifactID.LoginTest@5383967b]]]>
    </line>
    <line>
      <![CDATA[org.testng.internal.InvokedMethod, LoginTest.clearChookies()[pri:0, instance:TestersGroupID.TestNGArtifactID.LoginTest@5383967b]]]>
    </line>
    <line>
      <![CDATA[Method is about to run: org.testng.internal.ConfigurationMethod, setVariables]]>
    </line>
    <line>
      <![CDATA[Method is about to run: org.testng.internal.ConfigurationMethod, setVariables]]>
    </line>
    <line>
      <![CDATA[org.testng.internal.InvokedMethod, LoginTest.setVariables()[pri:0, instance:TestersGroupID.TestNGArtifactID.LoginTest@5383967b]]]>
    </line>
    <line>
      <![CDATA[org.testng.internal.InvokedMethod, LoginTest.setVariables()[pri:0, instance:TestersGroupID.TestNGArtifactID.LoginTest@5383967b]]]>
    </line>
    <line>
      <![CDATA[Method is about to run: org.testng.internal.TestNGMethod, loginTestWithWrongCredencials]]>
    </line>
    <line>
      <![CDATA[Method is about to run: org.testng.internal.TestNGMethod, loginTestWithWrongCredencials]]>
    </line>
    <line>
      <![CDATA[org.testng.internal.InvokedMethod, LoginTest.loginTestWithWrongCredencials()[pri:0, instance:TestersGroupID.TestNGArtifactID.LoginTest@5383967b]]]>
    </line>
    <line>
      <![CDATA[org.testng.internal.InvokedMethod, LoginTest.loginTestWithWrongCredencials()[pri:0, instance:TestersGroupID.TestNGArtifactID.LoginTest@5383967b]]]>
    </line>
    <line>
      <![CDATA[Method is about to run: org.testng.internal.ConfigurationMethod, clearChookies]]>
    </line>
    <line>
      <![CDATA[Method is about to run: org.testng.internal.ConfigurationMethod, clearChookies]]>
    </line>
    <line>
      <![CDATA[org.testng.internal.InvokedMethod, LoginTest.clearChookies()[pri:0, instance:TestersGroupID.TestNGArtifactID.LoginTest@5383967b]]]>
    </line>
    <line>
      <![CDATA[org.testng.internal.InvokedMethod, LoginTest.clearChookies()[pri:0, instance:TestersGroupID.TestNGArtifactID.LoginTest@5383967b]]]>
    </line>
    <line>
      <![CDATA[Method is about to run: org.testng.internal.ConfigurationMethod, afterClass]]>
    </line>
    <line>
      <![CDATA[Method is about to run: org.testng.internal.ConfigurationMethod, afterClass]]>
    </line>
    <line>
      <![CDATA[org.testng.internal.InvokedMethod, LoginTest.afterClass()[pri:0, instance:TestersGroupID.TestNGArtifactID.LoginTest@5383967b]]]>
    </line>
    <line>
      <![CDATA[org.testng.internal.InvokedMethod, LoginTest.afterClass()[pri:0, instance:TestersGroupID.TestNGArtifactID.LoginTest@5383967b]]]>
    </line>
    <line>
      <![CDATA[Method is about to run: org.testng.internal.TestNGMethod, phoneTest2]]>
    </line>
    <line>
      <![CDATA[Method is about to run: org.testng.internal.TestNGMethod, phoneTest2]]>
    </line>
    <line>
      <![CDATA[org.testng.internal.InvokedMethod, PriorityAndDependsOn.phoneTest2()[pri:0, instance:TestersGroupID.TestNGArtifactID.PriorityAndDependsOn@2ac273d3]]]>
    </line>
    <line>
      <![CDATA[org.testng.internal.InvokedMethod, PriorityAndDependsOn.phoneTest2()[pri:0, instance:TestersGroupID.TestNGArtifactID.PriorityAndDependsOn@2ac273d3]]]>
    </line>
    <line>
      <![CDATA[Method is about to run: org.testng.internal.TestNGMethod, emailTest4]]>
    </line>
    <line>
      <![CDATA[Method is about to run: org.testng.internal.TestNGMethod, emailTest4]]>
    </line>
    <line>
      <![CDATA[org.testng.internal.InvokedMethod, PriorityAndDependsOn.emailTest4()[pri:0, instance:TestersGroupID.TestNGArtifactID.PriorityAndDependsOn@2ac273d3]]]>
    </line>
    <line>
      <![CDATA[org.testng.internal.InvokedMethod, PriorityAndDependsOn.emailTest4()[pri:0, instance:TestersGroupID.TestNGArtifactID.PriorityAndDependsOn@2ac273d3]]]>
    </line>
    <line>
      <![CDATA[Method is about to run: org.testng.internal.TestNGMethod, emailTest2]]>
    </line>
    <line>
      <![CDATA[Method is about to run: org.testng.internal.TestNGMethod, emailTest2]]>
    </line>
    <line>
      <![CDATA[org.testng.internal.InvokedMethod, PriorityAndDependsOn.emailTest2()[pri:0, instance:TestersGroupID.TestNGArtifactID.PriorityAndDependsOn@2ac273d3]]]>
    </line>
    <line>
      <![CDATA[org.testng.internal.InvokedMethod, PriorityAndDependsOn.emailTest2()[pri:0, instance:TestersGroupID.TestNGArtifactID.PriorityAndDependsOn@2ac273d3]]]>
    </line>
    <line>
      <![CDATA[Method is about to run: org.testng.internal.TestNGMethod, phoneTest3]]>
    </line>
    <line>
      <![CDATA[Method is about to run: org.testng.internal.TestNGMethod, phoneTest3]]>
    </line>
    <line>
      <![CDATA[org.testng.internal.InvokedMethod, PriorityAndDependsOn.phoneTest3()[pri:0, instance:TestersGroupID.TestNGArtifactID.PriorityAndDependsOn@2ac273d3]]]>
    </line>
    <line>
      <![CDATA[org.testng.internal.InvokedMethod, PriorityAndDependsOn.phoneTest3()[pri:0, instance:TestersGroupID.TestNGArtifactID.PriorityAndDependsOn@2ac273d3]]]>
    </line>
    <line>
      <![CDATA[Method is about to run: org.testng.internal.TestNGMethod, phoneTest1]]>
    </line>
    <line>
      <![CDATA[Method is about to run: org.testng.internal.TestNGMethod, phoneTest1]]>
    </line>
    <line>
      <![CDATA[org.testng.internal.InvokedMethod, PriorityAndDependsOn.phoneTest1()[pri:0, instance:TestersGroupID.TestNGArtifactID.PriorityAndDependsOn@2ac273d3]]]>
    </line>
    <line>
      <![CDATA[org.testng.internal.InvokedMethod, PriorityAndDependsOn.phoneTest1()[pri:0, instance:TestersGroupID.TestNGArtifactID.PriorityAndDependsOn@2ac273d3]]]>
    </line>
    <line>
      <![CDATA[Method is about to run: org.testng.internal.TestNGMethod, myTestCase]]>
    </line>
    <line>
      <![CDATA[Method is about to run: org.testng.internal.TestNGMethod, myTestCase]]>
    </line>
    <line>
      <![CDATA[org.testng.internal.InvokedMethod, PassingParameter.myTestCase()[pri:0, instance:TestersGroupID.TestNGArtifactID.PassingParameter@4fe3c938]]]>
    </line>
    <line>
      <![CDATA[org.testng.internal.InvokedMethod, PassingParameter.myTestCase()[pri:0, instance:TestersGroupID.TestNGArtifactID.PassingParameter@4fe3c938]]]>
    </line>
    <line>
      <![CDATA[Method is about to run: org.testng.internal.ConfigurationMethod, afterTest]]>
    </line>
    <line>
      <![CDATA[Method is about to run: org.testng.internal.ConfigurationMethod, afterTest]]>
    </line>
    <line>
      <![CDATA[org.testng.internal.InvokedMethod, LoginTest.afterTest()[pri:0, instance:TestersGroupID.TestNGArtifactID.LoginTest@5383967b]]]>
    </line>
    <line>
      <![CDATA[org.testng.internal.InvokedMethod, LoginTest.afterTest()[pri:0, instance:TestersGroupID.TestNGArtifactID.LoginTest@5383967b]]]>
    </line>
    <line>
      <![CDATA[Method is about to run: org.testng.internal.ConfigurationMethod, beforeTest]]>
    </line>
    <line>
      <![CDATA[Method is about to run: org.testng.internal.ConfigurationMethod, beforeTest]]>
    </line>
    <line>
      <![CDATA[org.testng.internal.InvokedMethod, LoginTest.beforeTest()[pri:0, instance:TestersGroupID.TestNGArtifactID.LoginTest@4e9ba398]]]>
    </line>
    <line>
      <![CDATA[org.testng.internal.InvokedMethod, LoginTest.beforeTest()[pri:0, instance:TestersGroupID.TestNGArtifactID.LoginTest@4e9ba398]]]>
    </line>
    <line>
      <![CDATA[Method is about to run: org.testng.internal.ConfigurationMethod, beforeClass]]>
    </line>
    <line>
      <![CDATA[Method is about to run: org.testng.internal.ConfigurationMethod, beforeClass]]>
    </line>
    <line>
      <![CDATA[org.testng.internal.InvokedMethod, LoginTest.beforeClass()[pri:0, instance:TestersGroupID.TestNGArtifactID.LoginTest@4e9ba398]]]>
    </line>
    <line>
      <![CDATA[org.testng.internal.InvokedMethod, LoginTest.beforeClass()[pri:0, instance:TestersGroupID.TestNGArtifactID.LoginTest@4e9ba398]]]>
    </line>
    <line>
      <![CDATA[Method is about to run: org.testng.internal.ConfigurationMethod, setVariables]]>
    </line>
    <line>
      <![CDATA[Method is about to run: org.testng.internal.ConfigurationMethod, setVariables]]>
    </line>
    <line>
      <![CDATA[org.testng.internal.InvokedMethod, LoginTest.setVariables()[pri:0, instance:TestersGroupID.TestNGArtifactID.LoginTest@4e9ba398]]]>
    </line>
    <line>
      <![CDATA[org.testng.internal.InvokedMethod, LoginTest.setVariables()[pri:0, instance:TestersGroupID.TestNGArtifactID.LoginTest@4e9ba398]]]>
    </line>
    <line>
      <![CDATA[Method is about to run: org.testng.internal.TestNGMethod, loginTestWithCorrectCredencials]]>
    </line>
    <line>
      <![CDATA[Method is about to run: org.testng.internal.TestNGMethod, loginTestWithCorrectCredencials]]>
    </line>
    <line>
      <![CDATA[org.testng.internal.InvokedMethod, LoginTest.loginTestWithCorrectCredencials()[pri:0, instance:TestersGroupID.TestNGArtifactID.LoginTest@4e9ba398]]]>
    </line>
    <line>
      <![CDATA[org.testng.internal.InvokedMethod, LoginTest.loginTestWithCorrectCredencials()[pri:0, instance:TestersGroupID.TestNGArtifactID.LoginTest@4e9ba398]]]>
    </line>
    <line>
      <![CDATA[Method is about to run: org.testng.internal.ConfigurationMethod, clearChookies]]>
    </line>
    <line>
      <![CDATA[Method is about to run: org.testng.internal.ConfigurationMethod, clearChookies]]>
    </line>
    <line>
      <![CDATA[org.testng.internal.InvokedMethod, LoginTest.clearChookies()[pri:0, instance:TestersGroupID.TestNGArtifactID.LoginTest@4e9ba398]]]>
    </line>
    <line>
      <![CDATA[org.testng.internal.InvokedMethod, LoginTest.clearChookies()[pri:0, instance:TestersGroupID.TestNGArtifactID.LoginTest@4e9ba398]]]>
    </line>
    <line>
      <![CDATA[Method is about to run: org.testng.internal.ConfigurationMethod, setVariables]]>
    </line>
    <line>
      <![CDATA[Method is about to run: org.testng.internal.ConfigurationMethod, setVariables]]>
    </line>
    <line>
      <![CDATA[org.testng.internal.InvokedMethod, LoginTest.setVariables()[pri:0, instance:TestersGroupID.TestNGArtifactID.LoginTest@4e9ba398]]]>
    </line>
    <line>
      <![CDATA[org.testng.internal.InvokedMethod, LoginTest.setVariables()[pri:0, instance:TestersGroupID.TestNGArtifactID.LoginTest@4e9ba398]]]>
    </line>
    <line>
      <![CDATA[Method is about to run: org.testng.internal.TestNGMethod, loginTestWithWrongCredencials]]>
    </line>
    <line>
      <![CDATA[Method is about to run: org.testng.internal.TestNGMethod, loginTestWithWrongCredencials]]>
    </line>
    <line>
      <![CDATA[org.testng.internal.InvokedMethod, LoginTest.loginTestWithWrongCredencials()[pri:0, instance:TestersGroupID.TestNGArtifactID.LoginTest@4e9ba398]]]>
    </line>
    <line>
      <![CDATA[org.testng.internal.InvokedMethod, LoginTest.loginTestWithWrongCredencials()[pri:0, instance:TestersGroupID.TestNGArtifactID.LoginTest@4e9ba398]]]>
    </line>
    <line>
      <![CDATA[Method is about to run: org.testng.internal.ConfigurationMethod, clearChookies]]>
    </line>
    <line>
      <![CDATA[Method is about to run: org.testng.internal.ConfigurationMethod, clearChookies]]>
    </line>
    <line>
      <![CDATA[org.testng.internal.InvokedMethod, LoginTest.clearChookies()[pri:0, instance:TestersGroupID.TestNGArtifactID.LoginTest@4e9ba398]]]>
    </line>
    <line>
      <![CDATA[org.testng.internal.InvokedMethod, LoginTest.clearChookies()[pri:0, instance:TestersGroupID.TestNGArtifactID.LoginTest@4e9ba398]]]>
    </line>
    <line>
      <![CDATA[Method is about to run: org.testng.internal.ConfigurationMethod, afterClass]]>
    </line>
    <line>
      <![CDATA[Method is about to run: org.testng.internal.ConfigurationMethod, afterClass]]>
    </line>
    <line>
      <![CDATA[org.testng.internal.InvokedMethod, LoginTest.afterClass()[pri:0, instance:TestersGroupID.TestNGArtifactID.LoginTest@4e9ba398]]]>
    </line>
    <line>
      <![CDATA[org.testng.internal.InvokedMethod, LoginTest.afterClass()[pri:0, instance:TestersGroupID.TestNGArtifactID.LoginTest@4e9ba398]]]>
    </line>
    <line>
      <![CDATA[Method is about to run: org.testng.internal.TestNGMethod, phoneTest2]]>
    </line>
    <line>
      <![CDATA[Method is about to run: org.testng.internal.TestNGMethod, phoneTest2]]>
    </line>
    <line>
      <![CDATA[org.testng.internal.InvokedMethod, PriorityAndDependsOn.phoneTest2()[pri:0, instance:TestersGroupID.TestNGArtifactID.PriorityAndDependsOn@6d7b4f4c]]]>
    </line>
    <line>
      <![CDATA[org.testng.internal.InvokedMethod, PriorityAndDependsOn.phoneTest2()[pri:0, instance:TestersGroupID.TestNGArtifactID.PriorityAndDependsOn@6d7b4f4c]]]>
    </line>
    <line>
      <![CDATA[Method is about to run: org.testng.internal.TestNGMethod, emailTest4]]>
    </line>
    <line>
      <![CDATA[Method is about to run: org.testng.internal.TestNGMethod, emailTest4]]>
    </line>
    <line>
      <![CDATA[org.testng.internal.InvokedMethod, PriorityAndDependsOn.emailTest4()[pri:0, instance:TestersGroupID.TestNGArtifactID.PriorityAndDependsOn@6d7b4f4c]]]>
    </line>
    <line>
      <![CDATA[org.testng.internal.InvokedMethod, PriorityAndDependsOn.emailTest4()[pri:0, instance:TestersGroupID.TestNGArtifactID.PriorityAndDependsOn@6d7b4f4c]]]>
    </line>
    <line>
      <![CDATA[Method is about to run: org.testng.internal.TestNGMethod, emailTest2]]>
    </line>
    <line>
      <![CDATA[Method is about to run: org.testng.internal.TestNGMethod, emailTest2]]>
    </line>
    <line>
      <![CDATA[org.testng.internal.InvokedMethod, PriorityAndDependsOn.emailTest2()[pri:0, instance:TestersGroupID.TestNGArtifactID.PriorityAndDependsOn@6d7b4f4c]]]>
    </line>
    <line>
      <![CDATA[org.testng.internal.InvokedMethod, PriorityAndDependsOn.emailTest2()[pri:0, instance:TestersGroupID.TestNGArtifactID.PriorityAndDependsOn@6d7b4f4c]]]>
    </line>
    <line>
      <![CDATA[Method is about to run: org.testng.internal.TestNGMethod, phoneTest3]]>
    </line>
    <line>
      <![CDATA[Method is about to run: org.testng.internal.TestNGMethod, phoneTest3]]>
    </line>
    <line>
      <![CDATA[org.testng.internal.InvokedMethod, PriorityAndDependsOn.phoneTest3()[pri:0, instance:TestersGroupID.TestNGArtifactID.PriorityAndDependsOn@6d7b4f4c]]]>
    </line>
    <line>
      <![CDATA[org.testng.internal.InvokedMethod, PriorityAndDependsOn.phoneTest3()[pri:0, instance:TestersGroupID.TestNGArtifactID.PriorityAndDependsOn@6d7b4f4c]]]>
    </line>
    <line>
      <![CDATA[Method is about to run: org.testng.internal.TestNGMethod, phoneTest1]]>
    </line>
    <line>
      <![CDATA[Method is about to run: org.testng.internal.TestNGMethod, phoneTest1]]>
    </line>
    <line>
      <![CDATA[org.testng.internal.InvokedMethod, PriorityAndDependsOn.phoneTest1()[pri:0, instance:TestersGroupID.TestNGArtifactID.PriorityAndDependsOn@6d7b4f4c]]]>
    </line>
    <line>
      <![CDATA[org.testng.internal.InvokedMethod, PriorityAndDependsOn.phoneTest1()[pri:0, instance:TestersGroupID.TestNGArtifactID.PriorityAndDependsOn@6d7b4f4c]]]>
    </line>
    <line>
      <![CDATA[Method is about to run: org.testng.internal.ConfigurationMethod, afterTest]]>
    </line>
    <line>
      <![CDATA[Method is about to run: org.testng.internal.ConfigurationMethod, afterTest]]>
    </line>
    <line>
      <![CDATA[org.testng.internal.InvokedMethod, LoginTest.afterTest()[pri:0, instance:TestersGroupID.TestNGArtifactID.LoginTest@4e9ba398]]]>
    </line>
    <line>
      <![CDATA[org.testng.internal.InvokedMethod, LoginTest.afterTest()[pri:0, instance:TestersGroupID.TestNGArtifactID.LoginTest@4e9ba398]]]>
    </line>
    <line>
      <![CDATA[Method is about to run: org.testng.internal.TestNGMethod, testConnectMsSQL]]>
    </line>
    <line>
      <![CDATA[Method is about to run: org.testng.internal.TestNGMethod, testConnectMsSQL]]>
    </line>
    <line>
      <![CDATA[org.testng.internal.InvokedMethod, TestGroup.testConnectMsSQL()[pri:0, instance:grouping.TestGroup@6c3708b3]]]>
    </line>
    <line>
      <![CDATA[org.testng.internal.InvokedMethod, TestGroup.testConnectMsSQL()[pri:0, instance:grouping.TestGroup@6c3708b3]]]>
    </line>
    <line>
      <![CDATA[Method is about to run: org.testng.internal.TestNGMethod, testConnectOracle]]>
    </line>
    <line>
      <![CDATA[Method is about to run: org.testng.internal.TestNGMethod, testConnectOracle]]>
    </line>
    <line>
      <![CDATA[org.testng.internal.InvokedMethod, TestGroup.testConnectOracle()[pri:0, instance:grouping.TestGroup@6c3708b3]]]>
    </line>
    <line>
      <![CDATA[org.testng.internal.InvokedMethod, TestGroup.testConnectOracle()[pri:0, instance:grouping.TestGroup@6c3708b3]]]>
    </line>
    <line>
      <![CDATA[Test is about to run: Test Case 6 ]]>
    </line>
    <line>
      <![CDATA[Method is about to run: org.testng.internal.ConfigurationMethod, beforeClass]]>
    </line>
    <line>
      <![CDATA[Method is about to run: org.testng.internal.ConfigurationMethod, beforeClass]]>
    </line>
    <line>
      <![CDATA[org.testng.internal.InvokedMethod, loginLogoutDataDriveTesintUsingTestNG.beforeClass()[pri:0, instance:testNG.loginLogoutDataDriveTesintUsingTestNG@887af79]]]>
    </line>
    <line>
      <![CDATA[org.testng.internal.InvokedMethod, loginLogoutDataDriveTesintUsingTestNG.beforeClass()[pri:0, instance:testNG.loginLogoutDataDriveTesintUsingTestNG@887af79]]]>
    </line>
    <line>
      <![CDATA[Method is about to run: org.testng.internal.ConfigurationMethod, beforeTest]]>
    </line>
    <line>
      <![CDATA[Method is about to run: org.testng.internal.ConfigurationMethod, beforeTest]]>
    </line>
    <line>
      <![CDATA[org.testng.internal.InvokedMethod, loginLogoutDataDriveTesintUsingTestNG.beforeTest()[pri:0, instance:testNG.loginLogoutDataDriveTesintUsingTestNG@887af79]]]>
    </line>
    <line>
      <![CDATA[org.testng.internal.InvokedMethod, loginLogoutDataDriveTesintUsingTestNG.beforeTest()[pri:0, instance:testNG.loginLogoutDataDriveTesintUsingTestNG@887af79]]]>
    </line>
    <line>
      <![CDATA[This test is : testNG.loginLogoutDataDriveTesintUsingTestNG]]>
    </line>
    <line>
      <![CDATA[The current parameter methods are : , a, a]]>
    </line>
    <line>
      <![CDATA[ Status of the test is: Started]]>
    </line>
    <line>
      <![CDATA[Method is about to run: org.testng.internal.TestNGMethod, loginLogoutTestWithCorrectCredencials]]>
    </line>
    <line>
      <![CDATA[Method is about to run: org.testng.internal.TestNGMethod, loginLogoutTestWithCorrectCredencials]]>
    </line>
    <line>
      <![CDATA[org.testng.internal.InvokedMethod, loginLogoutDataDriveTesintUsingTestNG.loginLogoutTestWithCorrectCredencials(java.lang.String, java.lang.String)[pri:0, instance:testNG.loginLogoutDataDriveTesintUsingTestNG@887af79]]]>
    </line>
    <line>
      <![CDATA[org.testng.internal.InvokedMethod, loginLogoutDataDriveTesintUsingTestNG.loginLogoutTestWithCorrectCredencials(java.lang.String, java.lang.String)[pri:0, instance:testNG.loginLogoutDataDriveTesintUsingTestNG@887af79]]]>
    </line>
    <line>
      <![CDATA[This test is : testNG.loginLogoutDataDriveTesintUsingTestNG]]>
    </line>
    <line>
      <![CDATA[The current parameter methods are : , a, a]]>
    </line>
    <line>
      <![CDATA[ Status of the test is: Failed]]>
    </line>
    <line>
      <![CDATA[Method is about to run: org.testng.internal.ConfigurationMethod, beforeTest]]>
    </line>
    <line>
      <![CDATA[Method is about to run: org.testng.internal.ConfigurationMethod, beforeTest]]>
    </line>
    <line>
      <![CDATA[org.testng.internal.InvokedMethod, loginLogoutDataDriveTesintUsingTestNG.beforeTest()[pri:0, instance:testNG.loginLogoutDataDriveTesintUsingTestNG@887af79]]]>
    </line>
    <line>
      <![CDATA[org.testng.internal.InvokedMethod, loginLogoutDataDriveTesintUsingTestNG.beforeTest()[pri:0, instance:testNG.loginLogoutDataDriveTesintUsingTestNG@887af79]]]>
    </line>
    <line>
      <![CDATA[This test is : testNG.loginLogoutDataDriveTesintUsingTestNG]]>
    </line>
    <line>
      <![CDATA[The current parameter methods are : , b, b]]>
    </line>
    <line>
      <![CDATA[ Status of the test is: Started]]>
    </line>
    <line>
      <![CDATA[Method is about to run: org.testng.internal.TestNGMethod, loginLogoutTestWithCorrectCredencials]]>
    </line>
    <line>
      <![CDATA[Method is about to run: org.testng.internal.TestNGMethod, loginLogoutTestWithCorrectCredencials]]>
    </line>
    <line>
      <![CDATA[org.testng.internal.InvokedMethod, loginLogoutDataDriveTesintUsingTestNG.loginLogoutTestWithCorrectCredencials(java.lang.String, java.lang.String)[pri:0, instance:testNG.loginLogoutDataDriveTesintUsingTestNG@887af79]]]>
    </line>
    <line>
      <![CDATA[org.testng.internal.InvokedMethod, loginLogoutDataDriveTesintUsingTestNG.loginLogoutTestWithCorrectCredencials(java.lang.String, java.lang.String)[pri:0, instance:testNG.loginLogoutDataDriveTesintUsingTestNG@887af79]]]>
    </line>
    <line>
      <![CDATA[This test is : testNG.loginLogoutDataDriveTesintUsingTestNG]]>
    </line>
    <line>
      <![CDATA[The current parameter methods are : , b, b]]>
    </line>
    <line>
      <![CDATA[ Status of the test is: Failed]]>
    </line>
    <line>
      <![CDATA[Method is about to run: org.testng.internal.ConfigurationMethod, beforeTest]]>
    </line>
    <line>
      <![CDATA[Method is about to run: org.testng.internal.ConfigurationMethod, beforeTest]]>
    </line>
    <line>
      <![CDATA[org.testng.internal.InvokedMethod, loginLogoutDataDriveTesintUsingTestNG.beforeTest()[pri:0, instance:testNG.loginLogoutDataDriveTesintUsingTestNG@887af79]]]>
    </line>
    <line>
      <![CDATA[org.testng.internal.InvokedMethod, loginLogoutDataDriveTesintUsingTestNG.beforeTest()[pri:0, instance:testNG.loginLogoutDataDriveTesintUsingTestNG@887af79]]]>
    </line>
    <line>
      <![CDATA[This test is : testNG.loginLogoutDataDriveTesintUsingTestNG]]>
    </line>
    <line>
      <![CDATA[The current parameter methods are : , c, c]]>
    </line>
    <line>
      <![CDATA[ Status of the test is: Started]]>
    </line>
    <line>
      <![CDATA[Method is about to run: org.testng.internal.TestNGMethod, loginLogoutTestWithCorrectCredencials]]>
    </line>
    <line>
      <![CDATA[Method is about to run: org.testng.internal.TestNGMethod, loginLogoutTestWithCorrectCredencials]]>
    </line>
    <line>
      <![CDATA[org.testng.internal.InvokedMethod, loginLogoutDataDriveTesintUsingTestNG.loginLogoutTestWithCorrectCredencials(java.lang.String, java.lang.String)[pri:0, instance:testNG.loginLogoutDataDriveTesintUsingTestNG@887af79]]]>
    </line>
    <line>
      <![CDATA[org.testng.internal.InvokedMethod, loginLogoutDataDriveTesintUsingTestNG.loginLogoutTestWithCorrectCredencials(java.lang.String, java.lang.String)[pri:0, instance:testNG.loginLogoutDataDriveTesintUsingTestNG@887af79]]]>
    </line>
    <line>
      <![CDATA[This test is : testNG.loginLogoutDataDriveTesintUsingTestNG]]>
    </line>
    <line>
      <![CDATA[The current parameter methods are : , c, c]]>
    </line>
    <line>
      <![CDATA[ Status of the test is: Failed]]>
    </line>
    <line>
      <![CDATA[Method is about to run: org.testng.internal.ConfigurationMethod, beforeTest]]>
    </line>
    <line>
      <![CDATA[Method is about to run: org.testng.internal.ConfigurationMethod, beforeTest]]>
    </line>
    <line>
      <![CDATA[org.testng.internal.InvokedMethod, loginLogoutDataDriveTesintUsingTestNG.beforeTest()[pri:0, instance:testNG.loginLogoutDataDriveTesintUsingTestNG@887af79]]]>
    </line>
    <line>
      <![CDATA[org.testng.internal.InvokedMethod, loginLogoutDataDriveTesintUsingTestNG.beforeTest()[pri:0, instance:testNG.loginLogoutDataDriveTesintUsingTestNG@887af79]]]>
    </line>
    <line>
      <![CDATA[This test is : testNG.loginLogoutDataDriveTesintUsingTestNG]]>
    </line>
    <line>
      <![CDATA[The current parameter methods are : , d, ddsf]]>
    </line>
    <line>
      <![CDATA[ Status of the test is: Started]]>
    </line>
    <line>
      <![CDATA[Method is about to run: org.testng.internal.TestNGMethod, loginLogoutTestWithCorrectCredencials]]>
    </line>
    <line>
      <![CDATA[Method is about to run: org.testng.internal.TestNGMethod, loginLogoutTestWithCorrectCredencials]]>
    </line>
    <line>
      <![CDATA[org.testng.internal.InvokedMethod, loginLogoutDataDriveTesintUsingTestNG.loginLogoutTestWithCorrectCredencials(java.lang.String, java.lang.String)[pri:0, instance:testNG.loginLogoutDataDriveTesintUsingTestNG@887af79]]]>
    </line>
    <line>
      <![CDATA[org.testng.internal.InvokedMethod, loginLogoutDataDriveTesintUsingTestNG.loginLogoutTestWithCorrectCredencials(java.lang.String, java.lang.String)[pri:0, instance:testNG.loginLogoutDataDriveTesintUsingTestNG@887af79]]]>
    </line>
    <line>
      <![CDATA[This test is : testNG.loginLogoutDataDriveTesintUsingTestNG]]>
    </line>
    <line>
      <![CDATA[The current parameter methods are : , d, ddsf]]>
    </line>
    <line>
      <![CDATA[ Status of the test is: Failed]]>
    </line>
    <line>
      <![CDATA[Method is about to run: org.testng.internal.ConfigurationMethod, beforeTest]]>
    </line>
    <line>
      <![CDATA[Method is about to run: org.testng.internal.ConfigurationMethod, beforeTest]]>
    </line>
    <line>
      <![CDATA[org.testng.internal.InvokedMethod, loginLogoutDataDriveTesintUsingTestNG.beforeTest()[pri:0, instance:testNG.loginLogoutDataDriveTesintUsingTestNG@887af79]]]>
    </line>
    <line>
      <![CDATA[org.testng.internal.InvokedMethod, loginLogoutDataDriveTesintUsingTestNG.beforeTest()[pri:0, instance:testNG.loginLogoutDataDriveTesintUsingTestNG@887af79]]]>
    </line>
    <line>
      <![CDATA[This test is : testNG.loginLogoutDataDriveTesintUsingTestNG]]>
    </line>
    <line>
      <![CDATA[The current parameter methods are : , e, e]]>
    </line>
    <line>
      <![CDATA[ Status of the test is: Started]]>
    </line>
    <line>
      <![CDATA[Method is about to run: org.testng.internal.TestNGMethod, loginLogoutTestWithCorrectCredencials]]>
    </line>
    <line>
      <![CDATA[Method is about to run: org.testng.internal.TestNGMethod, loginLogoutTestWithCorrectCredencials]]>
    </line>
    <line>
      <![CDATA[org.testng.internal.InvokedMethod, loginLogoutDataDriveTesintUsingTestNG.loginLogoutTestWithCorrectCredencials(java.lang.String, java.lang.String)[pri:0, instance:testNG.loginLogoutDataDriveTesintUsingTestNG@887af79]]]>
    </line>
    <line>
      <![CDATA[org.testng.internal.InvokedMethod, loginLogoutDataDriveTesintUsingTestNG.loginLogoutTestWithCorrectCredencials(java.lang.String, java.lang.String)[pri:0, instance:testNG.loginLogoutDataDriveTesintUsingTestNG@887af79]]]>
    </line>
    <line>
      <![CDATA[This test is : testNG.loginLogoutDataDriveTesintUsingTestNG]]>
    </line>
    <line>
      <![CDATA[The current parameter methods are : , e, e]]>
    </line>
    <line>
      <![CDATA[ Status of the test is: Failed]]>
    </line>
    <line>
      <![CDATA[Method is about to run: org.testng.internal.ConfigurationMethod, beforeTest]]>
    </line>
    <line>
      <![CDATA[Method is about to run: org.testng.internal.ConfigurationMethod, beforeTest]]>
    </line>
    <line>
      <![CDATA[org.testng.internal.InvokedMethod, loginLogoutDataDriveTesintUsingTestNG.beforeTest()[pri:0, instance:testNG.loginLogoutDataDriveTesintUsingTestNG@887af79]]]>
    </line>
    <line>
      <![CDATA[org.testng.internal.InvokedMethod, loginLogoutDataDriveTesintUsingTestNG.beforeTest()[pri:0, instance:testNG.loginLogoutDataDriveTesintUsingTestNG@887af79]]]>
    </line>
    <line>
      <![CDATA[This test is : testNG.loginLogoutDataDriveTesintUsingTestNG]]>
    </line>
    <line>
      <![CDATA[The current parameter methods are : , f, f]]>
    </line>
    <line>
      <![CDATA[ Status of the test is: Started]]>
    </line>
    <line>
      <![CDATA[Method is about to run: org.testng.internal.TestNGMethod, loginLogoutTestWithCorrectCredencials]]>
    </line>
    <line>
      <![CDATA[Method is about to run: org.testng.internal.TestNGMethod, loginLogoutTestWithCorrectCredencials]]>
    </line>
    <line>
      <![CDATA[org.testng.internal.InvokedMethod, loginLogoutDataDriveTesintUsingTestNG.loginLogoutTestWithCorrectCredencials(java.lang.String, java.lang.String)[pri:0, instance:testNG.loginLogoutDataDriveTesintUsingTestNG@887af79]]]>
    </line>
    <line>
      <![CDATA[org.testng.internal.InvokedMethod, loginLogoutDataDriveTesintUsingTestNG.loginLogoutTestWithCorrectCredencials(java.lang.String, java.lang.String)[pri:0, instance:testNG.loginLogoutDataDriveTesintUsingTestNG@887af79]]]>
    </line>
    <line>
      <![CDATA[This test is : testNG.loginLogoutDataDriveTesintUsingTestNG]]>
    </line>
    <line>
      <![CDATA[The current parameter methods are : , f, f]]>
    </line>
    <line>
      <![CDATA[ Status of the test is: Failed]]>
    </line>
    <line>
      <![CDATA[Method is about to run: org.testng.internal.ConfigurationMethod, beforeTest]]>
    </line>
    <line>
      <![CDATA[Method is about to run: org.testng.internal.ConfigurationMethod, beforeTest]]>
    </line>
    <line>
      <![CDATA[org.testng.internal.InvokedMethod, loginLogoutDataDriveTesintUsingTestNG.beforeTest()[pri:0, instance:testNG.loginLogoutDataDriveTesintUsingTestNG@887af79]]]>
    </line>
    <line>
      <![CDATA[org.testng.internal.InvokedMethod, loginLogoutDataDriveTesintUsingTestNG.beforeTest()[pri:0, instance:testNG.loginLogoutDataDriveTesintUsingTestNG@887af79]]]>
    </line>
    <line>
      <![CDATA[This test is : testNG.loginLogoutDataDriveTesintUsingTestNG]]>
    </line>
    <line>
      <![CDATA[The current parameter methods are : , awerew, a]]>
    </line>
    <line>
      <![CDATA[ Status of the test is: Started]]>
    </line>
    <line>
      <![CDATA[Method is about to run: org.testng.internal.TestNGMethod, loginLogoutTestWtihIncorrectCredencials]]>
    </line>
    <line>
      <![CDATA[Method is about to run: org.testng.internal.TestNGMethod, loginLogoutTestWtihIncorrectCredencials]]>
    </line>
    <line>
      <![CDATA[org.testng.internal.InvokedMethod, loginLogoutDataDriveTesintUsingTestNG.loginLogoutTestWtihIncorrectCredencials(java.lang.String, java.lang.String)[pri:0, instance:testNG.loginLogoutDataDriveTesintUsingTestNG@887af79]]]>
    </line>
    <line>
      <![CDATA[org.testng.internal.InvokedMethod, loginLogoutDataDriveTesintUsingTestNG.loginLogoutTestWtihIncorrectCredencials(java.lang.String, java.lang.String)[pri:0, instance:testNG.loginLogoutDataDriveTesintUsingTestNG@887af79]]]>
    </line>
    <line>
      <![CDATA[This test is : testNG.loginLogoutDataDriveTesintUsingTestNG]]>
    </line>
    <line>
      <![CDATA[The current parameter methods are : , awerew, a]]>
    </line>
    <line>
      <![CDATA[ Status of the test is: Failed]]>
    </line>
    <line>
      <![CDATA[Method is about to run: org.testng.internal.ConfigurationMethod, beforeTest]]>
    </line>
    <line>
      <![CDATA[Method is about to run: org.testng.internal.ConfigurationMethod, beforeTest]]>
    </line>
    <line>
      <![CDATA[org.testng.internal.InvokedMethod, loginLogoutDataDriveTesintUsingTestNG.beforeTest()[pri:0, instance:testNG.loginLogoutDataDriveTesintUsingTestNG@887af79]]]>
    </line>
    <line>
      <![CDATA[org.testng.internal.InvokedMethod, loginLogoutDataDriveTesintUsingTestNG.beforeTest()[pri:0, instance:testNG.loginLogoutDataDriveTesintUsingTestNG@887af79]]]>
    </line>
    <line>
      <![CDATA[This test is : testNG.loginLogoutDataDriveTesintUsingTestNG]]>
    </line>
    <line>
      <![CDATA[The current parameter methods are : ,  , b]]>
    </line>
    <line>
      <![CDATA[ Status of the test is: Started]]>
    </line>
    <line>
      <![CDATA[Method is about to run: org.testng.internal.TestNGMethod, loginLogoutTestWtihIncorrectCredencials]]>
    </line>
    <line>
      <![CDATA[Method is about to run: org.testng.internal.TestNGMethod, loginLogoutTestWtihIncorrectCredencials]]>
    </line>
    <line>
      <![CDATA[org.testng.internal.InvokedMethod, loginLogoutDataDriveTesintUsingTestNG.loginLogoutTestWtihIncorrectCredencials(java.lang.String, java.lang.String)[pri:0, instance:testNG.loginLogoutDataDriveTesintUsingTestNG@887af79]]]>
    </line>
    <line>
      <![CDATA[org.testng.internal.InvokedMethod, loginLogoutDataDriveTesintUsingTestNG.loginLogoutTestWtihIncorrectCredencials(java.lang.String, java.lang.String)[pri:0, instance:testNG.loginLogoutDataDriveTesintUsingTestNG@887af79]]]>
    </line>
    <line>
      <![CDATA[This test is : testNG.loginLogoutDataDriveTesintUsingTestNG]]>
    </line>
    <line>
      <![CDATA[The current parameter methods are : ,  , b]]>
    </line>
    <line>
      <![CDATA[ Status of the test is: Failed]]>
    </line>
    <line>
      <![CDATA[Method is about to run: org.testng.internal.ConfigurationMethod, beforeTest]]>
    </line>
    <line>
      <![CDATA[Method is about to run: org.testng.internal.ConfigurationMethod, beforeTest]]>
    </line>
    <line>
      <![CDATA[org.testng.internal.InvokedMethod, loginLogoutDataDriveTesintUsingTestNG.beforeTest()[pri:0, instance:testNG.loginLogoutDataDriveTesintUsingTestNG@887af79]]]>
    </line>
    <line>
      <![CDATA[org.testng.internal.InvokedMethod, loginLogoutDataDriveTesintUsingTestNG.beforeTest()[pri:0, instance:testNG.loginLogoutDataDriveTesintUsingTestNG@887af79]]]>
    </line>
    <line>
      <![CDATA[This test is : testNG.loginLogoutDataDriveTesintUsingTestNG]]>
    </line>
    <line>
      <![CDATA[The current parameter methods are : , c, c]]>
    </line>
    <line>
      <![CDATA[ Status of the test is: Started]]>
    </line>
    <line>
      <![CDATA[Method is about to run: org.testng.internal.TestNGMethod, loginLogoutTestWtihIncorrectCredencials]]>
    </line>
    <line>
      <![CDATA[Method is about to run: org.testng.internal.TestNGMethod, loginLogoutTestWtihIncorrectCredencials]]>
    </line>
    <line>
      <![CDATA[org.testng.internal.InvokedMethod, loginLogoutDataDriveTesintUsingTestNG.loginLogoutTestWtihIncorrectCredencials(java.lang.String, java.lang.String)[pri:0, instance:testNG.loginLogoutDataDriveTesintUsingTestNG@887af79]]]>
    </line>
    <line>
      <![CDATA[org.testng.internal.InvokedMethod, loginLogoutDataDriveTesintUsingTestNG.loginLogoutTestWtihIncorrectCredencials(java.lang.String, java.lang.String)[pri:0, instance:testNG.loginLogoutDataDriveTesintUsingTestNG@887af79]]]>
    </line>
    <line>
      <![CDATA[This test is : testNG.loginLogoutDataDriveTesintUsingTestNG]]>
    </line>
    <line>
      <![CDATA[The current parameter methods are : , c, c]]>
    </line>
    <line>
      <![CDATA[ Status of the test is: Failed]]>
    </line>
    <line>
      <![CDATA[Method is about to run: org.testng.internal.ConfigurationMethod, beforeTest]]>
    </line>
    <line>
      <![CDATA[Method is about to run: org.testng.internal.ConfigurationMethod, beforeTest]]>
    </line>
    <line>
      <![CDATA[org.testng.internal.InvokedMethod, loginLogoutDataDriveTesintUsingTestNG.beforeTest()[pri:0, instance:testNG.loginLogoutDataDriveTesintUsingTestNG@887af79]]]>
    </line>
    <line>
      <![CDATA[org.testng.internal.InvokedMethod, loginLogoutDataDriveTesintUsingTestNG.beforeTest()[pri:0, instance:testNG.loginLogoutDataDriveTesintUsingTestNG@887af79]]]>
    </line>
    <line>
      <![CDATA[This test is : testNG.loginLogoutDataDriveTesintUsingTestNG]]>
    </line>
    <line>
      <![CDATA[The current parameter methods are : , d%^7rtyrty, d]]>
    </line>
    <line>
      <![CDATA[ Status of the test is: Started]]>
    </line>
    <line>
      <![CDATA[Method is about to run: org.testng.internal.TestNGMethod, loginLogoutTestWtihIncorrectCredencials]]>
    </line>
    <line>
      <![CDATA[Method is about to run: org.testng.internal.TestNGMethod, loginLogoutTestWtihIncorrectCredencials]]>
    </line>
    <line>
      <![CDATA[org.testng.internal.InvokedMethod, loginLogoutDataDriveTesintUsingTestNG.loginLogoutTestWtihIncorrectCredencials(java.lang.String, java.lang.String)[pri:0, instance:testNG.loginLogoutDataDriveTesintUsingTestNG@887af79]]]>
    </line>
    <line>
      <![CDATA[org.testng.internal.InvokedMethod, loginLogoutDataDriveTesintUsingTestNG.loginLogoutTestWtihIncorrectCredencials(java.lang.String, java.lang.String)[pri:0, instance:testNG.loginLogoutDataDriveTesintUsingTestNG@887af79]]]>
    </line>
    <line>
      <![CDATA[This test is : testNG.loginLogoutDataDriveTesintUsingTestNG]]>
    </line>
    <line>
      <![CDATA[The current parameter methods are : , d%^7rtyrty, d]]>
    </line>
    <line>
      <![CDATA[ Status of the test is: Failed]]>
    </line>
    <line>
      <![CDATA[Method is about to run: org.testng.internal.ConfigurationMethod, beforeTest]]>
    </line>
    <line>
      <![CDATA[Method is about to run: org.testng.internal.ConfigurationMethod, beforeTest]]>
    </line>
    <line>
      <![CDATA[org.testng.internal.InvokedMethod, loginLogoutDataDriveTesintUsingTestNG.beforeTest()[pri:0, instance:testNG.loginLogoutDataDriveTesintUsingTestNG@887af79]]]>
    </line>
    <line>
      <![CDATA[org.testng.internal.InvokedMethod, loginLogoutDataDriveTesintUsingTestNG.beforeTest()[pri:0, instance:testNG.loginLogoutDataDriveTesintUsingTestNG@887af79]]]>
    </line>
    <line>
      <![CDATA[This test is : testNG.loginLogoutDataDriveTesintUsingTestNG]]>
    </line>
    <line>
      <![CDATA[The current parameter methods are : , e13311, e]]>
    </line>
    <line>
      <![CDATA[ Status of the test is: Started]]>
    </line>
    <line>
      <![CDATA[Method is about to run: org.testng.internal.TestNGMethod, loginLogoutTestWtihIncorrectCredencials]]>
    </line>
    <line>
      <![CDATA[Method is about to run: org.testng.internal.TestNGMethod, loginLogoutTestWtihIncorrectCredencials]]>
    </line>
    <line>
      <![CDATA[org.testng.internal.InvokedMethod, loginLogoutDataDriveTesintUsingTestNG.loginLogoutTestWtihIncorrectCredencials(java.lang.String, java.lang.String)[pri:0, instance:testNG.loginLogoutDataDriveTesintUsingTestNG@887af79]]]>
    </line>
    <line>
      <![CDATA[org.testng.internal.InvokedMethod, loginLogoutDataDriveTesintUsingTestNG.loginLogoutTestWtihIncorrectCredencials(java.lang.String, java.lang.String)[pri:0, instance:testNG.loginLogoutDataDriveTesintUsingTestNG@887af79]]]>
    </line>
    <line>
      <![CDATA[This test is : testNG.loginLogoutDataDriveTesintUsingTestNG]]>
    </line>
    <line>
      <![CDATA[The current parameter methods are : , e13311, e]]>
    </line>
    <line>
      <![CDATA[ Status of the test is: Failed]]>
    </line>
    <line>
      <![CDATA[Method is about to run: org.testng.internal.ConfigurationMethod, beforeTest]]>
    </line>
    <line>
      <![CDATA[Method is about to run: org.testng.internal.ConfigurationMethod, beforeTest]]>
    </line>
    <line>
      <![CDATA[org.testng.internal.InvokedMethod, loginLogoutDataDriveTesintUsingTestNG.beforeTest()[pri:0, instance:testNG.loginLogoutDataDriveTesintUsingTestNG@887af79]]]>
    </line>
    <line>
      <![CDATA[org.testng.internal.InvokedMethod, loginLogoutDataDriveTesintUsingTestNG.beforeTest()[pri:0, instance:testNG.loginLogoutDataDriveTesintUsingTestNG@887af79]]]>
    </line>
    <line>
      <![CDATA[This test is : testNG.loginLogoutDataDriveTesintUsingTestNG]]>
    </line>
    <line>
      <![CDATA[The current parameter methods are : , f#$#$#, f]]>
    </line>
    <line>
      <![CDATA[ Status of the test is: Started]]>
    </line>
    <line>
      <![CDATA[Method is about to run: org.testng.internal.TestNGMethod, loginLogoutTestWtihIncorrectCredencials]]>
    </line>
    <line>
      <![CDATA[Method is about to run: org.testng.internal.TestNGMethod, loginLogoutTestWtihIncorrectCredencials]]>
    </line>
    <line>
      <![CDATA[org.testng.internal.InvokedMethod, loginLogoutDataDriveTesintUsingTestNG.loginLogoutTestWtihIncorrectCredencials(java.lang.String, java.lang.String)[pri:0, instance:testNG.loginLogoutDataDriveTesintUsingTestNG@887af79]]]>
    </line>
    <line>
      <![CDATA[org.testng.internal.InvokedMethod, loginLogoutDataDriveTesintUsingTestNG.loginLogoutTestWtihIncorrectCredencials(java.lang.String, java.lang.String)[pri:0, instance:testNG.loginLogoutDataDriveTesintUsingTestNG@887af79]]]>
    </line>
    <line>
      <![CDATA[This test is : testNG.loginLogoutDataDriveTesintUsingTestNG]]>
    </line>
    <line>
      <![CDATA[The current parameter methods are : , f#$#$#, f]]>
    </line>
    <line>
      <![CDATA[ Status of the test is: Failed]]>
    </line>
    <line>
      <![CDATA[Method is about to run: org.testng.internal.ConfigurationMethod, afterClass]]>
    </line>
    <line>
      <![CDATA[Method is about to run: org.testng.internal.ConfigurationMethod, afterClass]]>
    </line>
    <line>
      <![CDATA[org.testng.internal.InvokedMethod, loginLogoutDataDriveTesintUsingTestNG.afterClass()[pri:0, instance:testNG.loginLogoutDataDriveTesintUsingTestNG@887af79]]]>
    </line>
    <line>
      <![CDATA[org.testng.internal.InvokedMethod, loginLogoutDataDriveTesintUsingTestNG.afterClass()[pri:0, instance:testNG.loginLogoutDataDriveTesintUsingTestNG@887af79]]]>
    </line>
    <line>
      <![CDATA[Method is about to run: org.testng.internal.ConfigurationMethod, beforeClass]]>
    </line>
    <line>
      <![CDATA[Method is about to run: org.testng.internal.ConfigurationMethod, beforeClass]]>
    </line>
    <line>
      <![CDATA[org.testng.internal.InvokedMethod, RegistrationToBackendIntegerationTestUsingTestNG.beforeClass()[pri:0, instance:testNG.RegistrationToBackendIntegerationTestUsingTestNG@61f8bee4]]]>
    </line>
    <line>
      <![CDATA[org.testng.internal.InvokedMethod, RegistrationToBackendIntegerationTestUsingTestNG.beforeClass()[pri:0, instance:testNG.RegistrationToBackendIntegerationTestUsingTestNG@61f8bee4]]]>
    </line>
    <line>
      <![CDATA[This test is : testNG.RegistrationToBackendIntegerationTestUsingTestNG]]>
    </line>
    <line>
      <![CDATA[The current parameter methods are : ]]>
    </line>
    <line>
      <![CDATA[ Status of the test is: Started]]>
    </line>
    <line>
      <![CDATA[Method is about to run: org.testng.internal.TestNGMethod, chekcRegistrationPageIsWorkingWithBackend]]>
    </line>
    <line>
      <![CDATA[Method is about to run: org.testng.internal.TestNGMethod, chekcRegistrationPageIsWorkingWithBackend]]>
    </line>
    <line>
      <![CDATA[org.testng.internal.InvokedMethod, RegistrationToBackendIntegerationTestUsingTestNG.chekcRegistrationPageIsWorkingWithBackend()[pri:0, instance:testNG.RegistrationToBackendIntegerationTestUsingTestNG@61f8bee4]]]>
    </line>
    <line>
      <![CDATA[org.testng.internal.InvokedMethod, RegistrationToBackendIntegerationTestUsingTestNG.chekcRegistrationPageIsWorkingWithBackend()[pri:0, instance:testNG.RegistrationToBackendIntegerationTestUsingTestNG@61f8bee4]]]>
    </line>
    <line>
      <![CDATA[This test is : testNG.RegistrationToBackendIntegerationTestUsingTestNG]]>
    </line>
    <line>
      <![CDATA[The current parameter methods are : ]]>
    </line>
    <line>
      <![CDATA[ Status of the test is: skipped]]>
    </line>
    <line>
      <![CDATA[Method is about to run: org.testng.internal.ConfigurationMethod, steChrome]]>
    </line>
    <line>
      <![CDATA[Method is about to run: org.testng.internal.ConfigurationMethod, steChrome]]>
    </line>
    <line>
      <![CDATA[org.testng.internal.InvokedMethod, TestNGAnnotaionsWithLoginLogoutExample.steChrome()[pri:0, instance:testNG.TestNGAnnotaionsWithLoginLogoutExample@7b49cea0]]]>
    </line>
    <line>
      <![CDATA[org.testng.internal.InvokedMethod, TestNGAnnotaionsWithLoginLogoutExample.steChrome()[pri:0, instance:testNG.TestNGAnnotaionsWithLoginLogoutExample@7b49cea0]]]>
    </line>
    <line>
      <![CDATA[Method is about to run: org.testng.internal.ConfigurationMethod, thisIsBeforeMethod]]>
    </line>
    <line>
      <![CDATA[Method is about to run: org.testng.internal.ConfigurationMethod, thisIsBeforeMethod]]>
    </line>
    <line>
      <![CDATA[org.testng.internal.InvokedMethod, TestNGAnnotaionsWithLoginLogoutExample.thisIsBeforeMethod()[pri:0, instance:testNG.TestNGAnnotaionsWithLoginLogoutExample@7b49cea0]]]>
    </line>
    <line>
      <![CDATA[org.testng.internal.InvokedMethod, TestNGAnnotaionsWithLoginLogoutExample.thisIsBeforeMethod()[pri:0, instance:testNG.TestNGAnnotaionsWithLoginLogoutExample@7b49cea0]]]>
    </line>
    <line>
      <![CDATA[This test is : testNG.TestNGAnnotaionsWithLoginLogoutExample]]>
    </line>
    <line>
      <![CDATA[The current parameter methods are : ]]>
    </line>
    <line>
      <![CDATA[ Status of the test is: Started]]>
    </line>
    <line>
      <![CDATA[Method is about to run: org.testng.internal.TestNGMethod, logonLogoutTestFor1]]>
    </line>
    <line>
      <![CDATA[Method is about to run: org.testng.internal.TestNGMethod, logonLogoutTestFor1]]>
    </line>
    <line>
      <![CDATA[org.testng.internal.InvokedMethod, TestNGAnnotaionsWithLoginLogoutExample.logonLogoutTestFor1()[pri:0, instance:testNG.TestNGAnnotaionsWithLoginLogoutExample@7b49cea0]]]>
    </line>
    <line>
      <![CDATA[org.testng.internal.InvokedMethod, TestNGAnnotaionsWithLoginLogoutExample.logonLogoutTestFor1()[pri:0, instance:testNG.TestNGAnnotaionsWithLoginLogoutExample@7b49cea0]]]>
    </line>
    <line>
      <![CDATA[This test is : testNG.TestNGAnnotaionsWithLoginLogoutExample]]>
    </line>
    <line>
      <![CDATA[The current parameter methods are : ]]>
    </line>
    <line>
      <![CDATA[ Status of the test is: Success]]>
    </line>
    <line>
      <![CDATA[Method is about to run: org.testng.internal.ConfigurationMethod, runAfterEachMethod]]>
    </line>
    <line>
      <![CDATA[Method is about to run: org.testng.internal.ConfigurationMethod, runAfterEachMethod]]>
    </line>
    <line>
      <![CDATA[org.testng.internal.InvokedMethod, TestNGAnnotaionsWithLoginLogoutExample.runAfterEachMethod()[pri:0, instance:testNG.TestNGAnnotaionsWithLoginLogoutExample@7b49cea0]]]>
    </line>
    <line>
      <![CDATA[org.testng.internal.InvokedMethod, TestNGAnnotaionsWithLoginLogoutExample.runAfterEachMethod()[pri:0, instance:testNG.TestNGAnnotaionsWithLoginLogoutExample@7b49cea0]]]>
    </line>
    <line>
      <![CDATA[Method is about to run: org.testng.internal.ConfigurationMethod, thisIsBeforeMethod]]>
    </line>
    <line>
      <![CDATA[Method is about to run: org.testng.internal.ConfigurationMethod, thisIsBeforeMethod]]>
    </line>
    <line>
      <![CDATA[org.testng.internal.InvokedMethod, TestNGAnnotaionsWithLoginLogoutExample.thisIsBeforeMethod()[pri:0, instance:testNG.TestNGAnnotaionsWithLoginLogoutExample@7b49cea0]]]>
    </line>
    <line>
      <![CDATA[org.testng.internal.InvokedMethod, TestNGAnnotaionsWithLoginLogoutExample.thisIsBeforeMethod()[pri:0, instance:testNG.TestNGAnnotaionsWithLoginLogoutExample@7b49cea0]]]>
    </line>
    <line>
      <![CDATA[This test is : testNG.TestNGAnnotaionsWithLoginLogoutExample]]>
    </line>
    <line>
      <![CDATA[The current parameter methods are : ]]>
    </line>
    <line>
      <![CDATA[ Status of the test is: Started]]>
    </line>
    <line>
      <![CDATA[Method is about to run: org.testng.internal.TestNGMethod, logonLogoutTestFor2]]>
    </line>
    <line>
      <![CDATA[Method is about to run: org.testng.internal.TestNGMethod, logonLogoutTestFor2]]>
    </line>
    <line>
      <![CDATA[org.testng.internal.InvokedMethod, TestNGAnnotaionsWithLoginLogoutExample.logonLogoutTestFor2()[pri:0, instance:testNG.TestNGAnnotaionsWithLoginLogoutExample@7b49cea0]]]>
    </line>
    <line>
      <![CDATA[org.testng.internal.InvokedMethod, TestNGAnnotaionsWithLoginLogoutExample.logonLogoutTestFor2()[pri:0, instance:testNG.TestNGAnnotaionsWithLoginLogoutExample@7b49cea0]]]>
    </line>
    <line>
      <![CDATA[This test is : testNG.TestNGAnnotaionsWithLoginLogoutExample]]>
    </line>
    <line>
      <![CDATA[The current parameter methods are : ]]>
    </line>
    <line>
      <![CDATA[ Status of the test is: Success]]>
    </line>
    <line>
      <![CDATA[Method is about to run: org.testng.internal.ConfigurationMethod, runAfterEachMethod]]>
    </line>
    <line>
      <![CDATA[Method is about to run: org.testng.internal.ConfigurationMethod, runAfterEachMethod]]>
    </line>
    <line>
      <![CDATA[org.testng.internal.InvokedMethod, TestNGAnnotaionsWithLoginLogoutExample.runAfterEachMethod()[pri:0, instance:testNG.TestNGAnnotaionsWithLoginLogoutExample@7b49cea0]]]>
    </line>
    <line>
      <![CDATA[org.testng.internal.InvokedMethod, TestNGAnnotaionsWithLoginLogoutExample.runAfterEachMethod()[pri:0, instance:testNG.TestNGAnnotaionsWithLoginLogoutExample@7b49cea0]]]>
    </line>
    <line>
      <![CDATA[Method is about to run: org.testng.internal.ConfigurationMethod, thisIsBeforeMethod]]>
    </line>
    <line>
      <![CDATA[Method is about to run: org.testng.internal.ConfigurationMethod, thisIsBeforeMethod]]>
    </line>
    <line>
      <![CDATA[org.testng.internal.InvokedMethod, TestNGAnnotaionsWithLoginLogoutExample.thisIsBeforeMethod()[pri:0, instance:testNG.TestNGAnnotaionsWithLoginLogoutExample@7b49cea0]]]>
    </line>
    <line>
      <![CDATA[org.testng.internal.InvokedMethod, TestNGAnnotaionsWithLoginLogoutExample.thisIsBeforeMethod()[pri:0, instance:testNG.TestNGAnnotaionsWithLoginLogoutExample@7b49cea0]]]>
    </line>
    <line>
      <![CDATA[This test is : testNG.TestNGAnnotaionsWithLoginLogoutExample]]>
    </line>
    <line>
      <![CDATA[The current parameter methods are : ]]>
    </line>
    <line>
      <![CDATA[ Status of the test is: Started]]>
    </line>
    <line>
      <![CDATA[Method is about to run: org.testng.internal.TestNGMethod, logonLogoutTestFor3]]>
    </line>
    <line>
      <![CDATA[Method is about to run: org.testng.internal.TestNGMethod, logonLogoutTestFor3]]>
    </line>
    <line>
      <![CDATA[org.testng.internal.InvokedMethod, TestNGAnnotaionsWithLoginLogoutExample.logonLogoutTestFor3()[pri:0, instance:testNG.TestNGAnnotaionsWithLoginLogoutExample@7b49cea0]]]>
    </line>
    <line>
      <![CDATA[org.testng.internal.InvokedMethod, TestNGAnnotaionsWithLoginLogoutExample.logonLogoutTestFor3()[pri:0, instance:testNG.TestNGAnnotaionsWithLoginLogoutExample@7b49cea0]]]>
    </line>
    <line>
      <![CDATA[This test is : testNG.TestNGAnnotaionsWithLoginLogoutExample]]>
    </line>
    <line>
      <![CDATA[The current parameter methods are : ]]>
    </line>
    <line>
      <![CDATA[ Status of the test is: Failed]]>
    </line>
    <line>
      <![CDATA[Method is about to run: org.testng.internal.ConfigurationMethod, runAfterEachMethod]]>
    </line>
    <line>
      <![CDATA[Method is about to run: org.testng.internal.ConfigurationMethod, runAfterEachMethod]]>
    </line>
    <line>
      <![CDATA[org.testng.internal.InvokedMethod, TestNGAnnotaionsWithLoginLogoutExample.runAfterEachMethod()[pri:0, instance:testNG.TestNGAnnotaionsWithLoginLogoutExample@7b49cea0]]]>
    </line>
    <line>
      <![CDATA[org.testng.internal.InvokedMethod, TestNGAnnotaionsWithLoginLogoutExample.runAfterEachMethod()[pri:0, instance:testNG.TestNGAnnotaionsWithLoginLogoutExample@7b49cea0]]]>
    </line>
    <line>
      <![CDATA[Method is about to run: org.testng.internal.ConfigurationMethod, thisIsBeforeMethod]]>
    </line>
    <line>
      <![CDATA[Method is about to run: org.testng.internal.ConfigurationMethod, thisIsBeforeMethod]]>
    </line>
    <line>
      <![CDATA[org.testng.internal.InvokedMethod, TestNGAnnotaionsWithLoginLogoutExample.thisIsBeforeMethod()[pri:0, instance:testNG.TestNGAnnotaionsWithLoginLogoutExample@7b49cea0]]]>
    </line>
    <line>
      <![CDATA[org.testng.internal.InvokedMethod, TestNGAnnotaionsWithLoginLogoutExample.thisIsBeforeMethod()[pri:0, instance:testNG.TestNGAnnotaionsWithLoginLogoutExample@7b49cea0]]]>
    </line>
    <line>
      <![CDATA[This test is : testNG.TestNGAnnotaionsWithLoginLogoutExample]]>
    </line>
    <line>
      <![CDATA[The current parameter methods are : ]]>
    </line>
    <line>
      <![CDATA[ Status of the test is: Started]]>
    </line>
    <line>
      <![CDATA[Method is about to run: org.testng.internal.TestNGMethod, logonLogoutTestFor4]]>
    </line>
    <line>
      <![CDATA[Method is about to run: org.testng.internal.TestNGMethod, logonLogoutTestFor4]]>
    </line>
    <line>
      <![CDATA[org.testng.internal.InvokedMethod, TestNGAnnotaionsWithLoginLogoutExample.logonLogoutTestFor4()[pri:0, instance:testNG.TestNGAnnotaionsWithLoginLogoutExample@7b49cea0]]]>
    </line>
    <line>
      <![CDATA[org.testng.internal.InvokedMethod, TestNGAnnotaionsWithLoginLogoutExample.logonLogoutTestFor4()[pri:0, instance:testNG.TestNGAnnotaionsWithLoginLogoutExample@7b49cea0]]]>
    </line>
    <line>
      <![CDATA[This test is : testNG.TestNGAnnotaionsWithLoginLogoutExample]]>
    </line>
    <line>
      <![CDATA[The current parameter methods are : ]]>
    </line>
    <line>
      <![CDATA[ Status of the test is: Failed]]>
    </line>
    <line>
      <![CDATA[Method is about to run: org.testng.internal.ConfigurationMethod, runAfterEachMethod]]>
    </line>
    <line>
      <![CDATA[Method is about to run: org.testng.internal.ConfigurationMethod, runAfterEachMethod]]>
    </line>
    <line>
      <![CDATA[org.testng.internal.InvokedMethod, TestNGAnnotaionsWithLoginLogoutExample.runAfterEachMethod()[pri:0, instance:testNG.TestNGAnnotaionsWithLoginLogoutExample@7b49cea0]]]>
    </line>
    <line>
      <![CDATA[org.testng.internal.InvokedMethod, TestNGAnnotaionsWithLoginLogoutExample.runAfterEachMethod()[pri:0, instance:testNG.TestNGAnnotaionsWithLoginLogoutExample@7b49cea0]]]>
    </line>
    <line>
      <![CDATA[Method is about to run: org.testng.internal.ConfigurationMethod, thisIsBeforeMethod]]>
    </line>
    <line>
      <![CDATA[Method is about to run: org.testng.internal.ConfigurationMethod, thisIsBeforeMethod]]>
    </line>
    <line>
      <![CDATA[org.testng.internal.InvokedMethod, TestNGAnnotaionsWithLoginLogoutExample.thisIsBeforeMethod()[pri:0, instance:testNG.TestNGAnnotaionsWithLoginLogoutExample@7b49cea0]]]>
    </line>
    <line>
      <![CDATA[org.testng.internal.InvokedMethod, TestNGAnnotaionsWithLoginLogoutExample.thisIsBeforeMethod()[pri:0, instance:testNG.TestNGAnnotaionsWithLoginLogoutExample@7b49cea0]]]>
    </line>
    <line>
      <![CDATA[This test is : testNG.TestNGAnnotaionsWithLoginLogoutExample]]>
    </line>
    <line>
      <![CDATA[The current parameter methods are : ]]>
    </line>
    <line>
      <![CDATA[ Status of the test is: Started]]>
    </line>
    <line>
      <![CDATA[Method is about to run: org.testng.internal.TestNGMethod, logonLogoutTestFor5]]>
    </line>
    <line>
      <![CDATA[Method is about to run: org.testng.internal.TestNGMethod, logonLogoutTestFor5]]>
    </line>
    <line>
[...]
	at org.testng.internal.Invoker.invokeTestMethod(Invoker.java:901)
	at org.testng.internal.Invoker.invokeTestMethods(Invoker.java:1231)
	at org.testng.internal.TestMethodWorker.invokeTestMethods(TestMethodWorker.java:127)
	at org.testng.internal.TestMethodWorker.run(TestMethodWorker.java:111)
	at org.testng.TestRunner.privateRun(TestRunner.java:767)
	at org.testng.TestRunner.run(TestRunner.java:617)
	at org.testng.SuiteRunner.runTest(SuiteRunner.java:334)
	at org.testng.SuiteRunner.runSequentially(SuiteRunner.java:329)
	at org.testng.SuiteRunner.privateRun(SuiteRunner.java:291)
	at org.testng.SuiteRunner.run(SuiteRunner.java:240)
	at org.testng.SuiteRunnerWorker.runSuite(SuiteRunnerWorker.java:52)
	at org.testng.SuiteRunnerWorker.run(SuiteRunnerWorker.java:86)
	at org.testng.TestNG.runSuitesSequentially(TestNG.java:1198)
	at org.testng.TestNG.runSuitesLocally(TestNG.java:1123)
	at org.testng.TestNG.run(TestNG.java:1031)
	at org.testng.remote.AbstractRemoteTestNG.run(AbstractRemoteTestNG.java:114)
	at org.testng.remote.RemoteTestNG.initAndRun(RemoteTestNG.java:251)
	at org.testng.remote.RemoteTestNG.main(RemoteTestNG.java:77)
]]>
            </full-stacktrace>
          </exception> <!-- org.openqa.selenium.NoSuchWindowException -->
          <reporter-output>
            <line>
              <![CDATA[org.testng.internal.InvokedMethod, loginLogoutDataDriveTesintUsingTestNG.loginLogoutTestWtihIncorrectCredencials(java.lang.String, java.lang.String)[pri:0, instance:testNG.loginLogoutDataDriveTesintUsingTestNG@887af79]]]>
            </line>
            <line>
              <![CDATA[org.testng.internal.InvokedMethod, loginLogoutDataDriveTesintUsingTestNG.loginLogoutTestWtihIncorrectCredencials(java.lang.String, java.lang.String)[pri:0, instance:testNG.loginLogoutDataDriveTesintUsingTestNG@887af79]]]>
            </line>
            <line>
              <![CDATA[This test is : testNG.loginLogoutDataDriveTesintUsingTestNG]]>
            </line>
            <line>
              <![CDATA[The current parameter methods are : , d%^7rtyrty, d]]>
            </line>
            <line>
              <![CDATA[ Status of the test is: Failed]]>
            </line>
          </reporter-output>
        </test-method> <!-- loginLogoutTestWtihIncorrectCredencials -->
        <test-method status="FAIL" signature="loginLogoutTestWtihIncorrectCredencials(java.lang.String, java.lang.String)[pri:0, instance:testNG.loginLogoutDataDriveTesintUsingTestNG@887af79]" name="loginLogoutTestWtihIncorrectCredencials" duration-ms="31" started-at="2018-03-09T13:27:21Z" data-provider="dpIncorrectCredencials" finished-at="2018-03-09T13:27:21Z">
          <params>
            <param index="0">
              <value>
                <![CDATA[e13311]]>
              </value>
            </param>
            <param index="1">
              <value>
                <![CDATA[e]]>
              </value>
            </param>
          </params>
          <exception class="org.openqa.selenium.NoSuchWindowException">
            <message>
              <![CDATA[no such window: target window already closed
from unknown error: web view not found
  (Session info: chrome=64.0.3282.186)
  (Driver info: chromedriver=2.30.477700 (0057494ad8732195794a7b32078424f92a5fce41),platform=Windows NT 10.0.16299 x86_64) (WARNING: The server did not provide any stacktrace information)
Command duration or timeout: 30 milliseconds
Build info: version: '3.4.0', revision: 'unknown', time: 'unknown'
System info: host: 'LAPTOP-RO5NS03S', ip: '192.168.25.1', os.name: 'Windows 10', os.arch: 'amd64', os.version: '10.0', java.version: '1.8.0_131'
Driver info: org.openqa.selenium.chrome.ChromeDriver
Capabilities [{applicationCacheEnabled=false, rotatable=false, mobileEmulationEnabled=false, networkConnectionEnabled=false, chrome={chromedriverVersion=2.30.477700 (0057494ad8732195794a7b32078424f92a5fce41), userDataDir=C:\Users\solomon\AppData\Local\Temp\scoped_dir11128_32690}, takesHeapSnapshot=true, pageLoadStrategy=normal, databaseEnabled=false, handlesAlerts=true, hasTouchScreen=false, version=64.0.3282.186, platform=XP, browserConnectionEnabled=false, nativeEvents=true, acceptSslCerts=true, locationContextEnabled=true, webStorageEnabled=true, browserName=chrome, takesScreenshot=true, javascriptEnabled=true, cssSelectorsEnabled=true, unexpectedAlertBehaviour=}]
Session ID: b60901dbed5a430b8b0bf31ca25f296c
*** Element info: {Using=name, value=userName}]]>
            </message>
            <full-stacktrace>
              <![CDATA[org.openqa.selenium.NoSuchWindowException: no such window: target window already closed
from unknown error: web view not found
  (Session info: chrome=64.0.3282.186)
  (Driver info: chromedriver=2.30.477700 (0057494ad8732195794a7b32078424f92a5fce41),platform=Windows NT 10.0.16299 x86_64) (WARNING: The server did not provide any stacktrace information)
Command duration or timeout: 30 milliseconds
Build info: version: '3.4.0', revision: 'unknown', time: 'unknown'
System info: host: 'LAPTOP-RO5NS03S', ip: '192.168.25.1', os.name: 'Windows 10', os.arch: 'amd64', os.version: '10.0', java.version: '1.8.0_131'
Driver info: org.openqa.selenium.chrome.ChromeDriver
Capabilities [{applicationCacheEnabled=false, rotatable=false, mobileEmulationEnabled=false, networkConnectionEnabled=false, chrome={chromedriverVersion=2.30.477700 (0057494ad8732195794a7b32078424f92a5fce41), userDataDir=C:\Users\solomon\AppData\Local\Temp\scoped_dir11128_32690}, takesHeapSnapshot=true, pageLoadStrategy=normal, databaseEnabled=false, handlesAlerts=true, hasTouchScreen=false, version=64.0.3282.186, platform=XP, browserConnectionEnabled=false, nativeEvents=true, acceptSslCerts=true, locationContextEnabled=true, webStorageEnabled=true, browserName=chrome, takesScreenshot=true, javascriptEnabled=true, cssSelectorsEnabled=true, unexpectedAlertBehaviour=}]
Session ID: b60901dbed5a430b8b0bf31ca25f296c
*** Element info: {Using=name, value=userName}
	at sun.reflect.NativeConstructorAccessorImpl.newInstance0(Native Method)
	at sun.reflect.NativeConstructorAccessorImpl.newInstance(NativeConstructorAccessorImpl.java:62)
	at sun.reflect.DelegatingConstructorAccessorImpl.newInstance(DelegatingConstructorAccessorImpl.java:45)
	at java.lang.reflect.Constructor.newInstance(Constructor.java:423)
	at org.openqa.selenium.remote.ErrorHandler.createThrowable(ErrorHandler.java:215)
	at org.openqa.selenium.remote.ErrorHandler.throwIfResponseFailed(ErrorHandler.java:167)
	at org.openqa.selenium.remote.RemoteWebDriver.execute(RemoteWebDriver.java:671)
	at org.openqa.selenium.remote.RemoteWebDriver.findElement(RemoteWebDriver.java:410)
	at org.openqa.selenium.remote.RemoteWebDriver.findElementByName(RemoteWebDriver.java:485)
	at org.openqa.selenium.By$ByName.findElement(By.java:303)
	at org.openqa.selenium.remote.RemoteWebDriver.findElement(RemoteWebDriver.java:402)
	at testNG.loginLogoutDataDriveTesintUsingTestNG.loginLogoutTestWtihIncorrectCredencials(loginLogoutDataDriveTesintUsingTestNG.java:74)
	at sun.reflect.NativeMethodAccessorImpl.invoke0(Native Method)
	at sun.reflect.NativeMethodAccessorImpl.invoke(NativeMethodAccessorImpl.java:62)
	at sun.reflect.DelegatingMethodAccessorImpl.invoke(DelegatingMethodAccessorImpl.java:43)
	at java.lang.reflect.Method.invoke(Method.java:498)
	at org.testng.internal.MethodInvocationHelper.invokeMethod(MethodInvocationHelper.java:80)
	at org.testng.internal.Invoker.invokeMethod(Invoker.java:714)
	at org.testng.internal.Invoker.invokeTestMethod(Invoker.java:901)
	at org.testng.internal.Invoker.invokeTestMethods(Invoker.java:1231)
	at org.testng.internal.TestMethodWorker.invokeTestMethods(TestMethodWorker.java:127)
	at org.testng.internal.TestMethodWorker.run(TestMethodWorker.java:111)
	at org.testng.TestRunner.privateRun(TestRunner.java:767)
	at org.testng.TestRunner.run(TestRunner.java:617)
	at org.testng.SuiteRunner.runTest(SuiteRunner.java:334)
	at org.testng.SuiteRunner.runSequentially(SuiteRunner.java:329)
	at org.testng.SuiteRunner.privateRun(SuiteRunner.java:291)
	at org.testng.SuiteRunner.run(SuiteRunner.java:240)
	at org.testng.SuiteRunnerWorker.runSuite(SuiteRunnerWorker.java:52)
	at org.testng.SuiteRunnerWorker.run(SuiteRunnerWorker.java:86)
	at org.testng.TestNG.runSuitesSequentially(TestNG.java:1198)
	at org.testng.TestNG.runSuitesLocally(TestNG.java:1123)
	at org.testng.TestNG.run(TestNG.java:1031)
	at org.testng.remote.AbstractRemoteTestNG.run(AbstractRemoteTestNG.java:114)
	at org.testng.remote.RemoteTestNG.initAndRun(RemoteTestNG.java:251)
	at org.testng.remote.RemoteTestNG.main(RemoteTestNG.java:77)
]]>
            </full-stacktrace>
          </exception> <!-- org.openqa.selenium.NoSuchWindowException -->
          <reporter-output>
            <line>
              <![CDATA[org.testng.internal.InvokedMethod, loginLogoutDataDriveTesintUsingTestNG.loginLogoutTestWtihIncorrectCredencials(java.lang.String, java.lang.String)[pri:0, instance:testNG.loginLogoutDataDriveTesintUsingTestNG@887af79]]]>
            </line>
            <line>
              <![CDATA[org.testng.internal.InvokedMethod, loginLogoutDataDriveTesintUsingTestNG.loginLogoutTestWtihIncorrectCredencials(java.lang.String, java.lang.String)[pri:0, instance:testNG.loginLogoutDataDriveTesintUsingTestNG@887af79]]]>
            </line>
            <line>
              <![CDATA[This test is : testNG.loginLogoutDataDriveTesintUsingTestNG]]>
            </line>
            <line>
              <![CDATA[The current parameter methods are : , e13311, e]]>
            </line>
            <line>
              <![CDATA[ Status of the test is: Failed]]>
            </line>
          </reporter-output>
        </test-method> <!-- loginLogoutTestWtihIncorrectCredencials -->
        <test-method status="PASS" signature="beforeTest()[pri:0, instance:testNG.loginLogoutDataDriveTesintUsingTestNG@887af79]" name="beforeTest" is-config="true" duration-ms="0" started-at="2018-03-09T13:27:21Z" finished-at="2018-03-09T13:27:21Z">
          <reporter-output>
            <line>
              <![CDATA[org.testng.internal.InvokedMethod, loginLogoutDataDriveTesintUsingTestNG.beforeTest()[pri:0, instance:testNG.loginLogoutDataDriveTesintUsingTestNG@887af79]]]>
            </line>
            <line>
              <![CDATA[org.testng.internal.InvokedMethod, loginLogoutDataDriveTesintUsingTestNG.beforeTest()[pri:0, instance:testNG.loginLogoutDataDriveTesintUsingTestNG@887af79]]]>
            </line>
          </reporter-output>
        </test-method> <!-- beforeTest -->
        <test-method status="PASS" signature="beforeTest()[pri:0, instance:testNG.loginLogoutDataDriveTesintUsingTestNG@887af79]" name="beforeTest" is-config="true" duration-ms="0" started-at="2018-03-09T13:27:21Z" finished-at="2018-03-09T13:27:21Z">
          <reporter-output>
            <line>
              <![CDATA[org.testng.internal.InvokedMethod, loginLogoutDataDriveTesintUsingTestNG.beforeTest()[pri:0, instance:testNG.loginLogoutDataDriveTesintUsingTestNG@887af79]]]>
            </line>
            <line>
              <![CDATA[org.testng.internal.InvokedMethod, loginLogoutDataDriveTesintUsingTestNG.beforeTest()[pri:0, instance:testNG.loginLogoutDataDriveTesintUsingTestNG@887af79]]]>
            </line>
          </reporter-output>
        </test-method> <!-- beforeTest -->
        <test-method status="FAIL" signature="loginLogoutTestWtihIncorrectCredencials(java.lang.String, java.lang.String)[pri:0, instance:testNG.loginLogoutDataDriveTesintUsingTestNG@887af79]" name="loginLogoutTestWtihIncorrectCredencials" duration-ms="9" started-at="2018-03-09T13:27:21Z" data-provider="dpIncorrectCredencials" finished-at="2018-03-09T13:27:21Z">
          <params>
            <param index="0">
              <value>
                <![CDATA[f#$#$#]]>
              </value>
            </param>
            <param index="1">
              <value>
                <![CDATA[f]]>
              </value>
            </param>
          </params>
          <exception class="org.openqa.selenium.NoSuchWindowException">
            <message>
              <![CDATA[no such window: target window already closed
from unknown error: web view not found
  (Session info: chrome=64.0.3282.186)
  (Driver info: chromedriver=2.30.477700 (0057494ad8732195794a7b32078424f92a5fce41),platform=Windows NT 10.0.16299 x86_64) (WARNING: The server did not provide any stacktrace information)
Command duration or timeout: 7 milliseconds
Build info: version: '3.4.0', revision: 'unknown', time: 'unknown'
System info: host: 'LAPTOP-RO5NS03S', ip: '192.168.25.1', os.name: 'Windows 10', os.arch: 'amd64', os.version: '10.0', java.version: '1.8.0_131'
Driver info: org.openqa.selenium.chrome.ChromeDriver
Capabilities [{applicationCacheEnabled=false, rotatable=false, mobileEmulationEnabled=false, networkConnectionEnabled=false, chrome={chromedriverVersion=2.30.477700 (0057494ad8732195794a7b32078424f92a5fce41), userDataDir=C:\Users\solomon\AppData\Local\Temp\scoped_dir11128_32690}, takesHeapSnapshot=true, pageLoadStrategy=normal, databaseEnabled=false, handlesAlerts=true, hasTouchScreen=false, version=64.0.3282.186, platform=XP, browserConnectionEnabled=false, nativeEvents=true, acceptSslCerts=true, locationContextEnabled=true, webStorageEnabled=true, browserName=chrome, takesScreenshot=true, javascriptEnabled=true, cssSelectorsEnabled=true, unexpectedAlertBehaviour=}]
Session ID: b60901dbed5a430b8b0bf31ca25f296c
*** Element info: {Using=name, value=userName}]]>
            </message>
            <full-stacktrace>
              <![CDATA[org.openqa.selenium.NoSuchWindowException: no such window: target window already closed
from unknown error: web view not found
  (Session info: chrome=64.0.3282.186)
  (Driver info: chromedriver=2.30.477700 (0057494ad8732195794a7b32078424f92a5fce41),platform=Windows NT 10.0.16299 x86_64) (WARNING: The server did not provide any stacktrace information)
Command duration or timeout: 7 milliseconds
Build info: version: '3.4.0', revision: 'unknown', time: 'unknown'
System info: host: 'LAPTOP-RO5NS03S', ip: '192.168.25.1', os.name: 'Windows 10', os.arch: 'amd64', os.version: '10.0', java.version: '1.8.0_131'
Driver info: org.openqa.selenium.chrome.ChromeDriver
Capabilities [{applicationCacheEnabled=false, rotatable=false, mobileEmulationEnabled=false, networkConnectionEnabled=false, chrome={chromedriverVersion=2.30.477700 (0057494ad8732195794a7b32078424f92a5fce41), userDataDir=C:\Users\solomon\AppData\Local\Temp\scoped_dir11128_32690}, takesHeapSnapshot=true, pageLoadStrategy=normal, databaseEnabled=false, handlesAlerts=true, hasTouchScreen=false, version=64.0.3282.186, platform=XP, browserConnectionEnabled=false, nativeEvents=true, acceptSslCerts=true, locationContextEnabled=true, webStorageEnabled=true, browserName=chrome, takesScreenshot=true, javascriptEnabled=true, cssSelectorsEnabled=true, unexpectedAlertBehaviour=}]
Session ID: b60901dbed5a430b8b0bf31ca25f296c
*** Element info: {Using=name, value=userName}
	at sun.reflect.NativeConstructorAccessorImpl.newInstance0(Native Method)
	at sun.reflect.NativeConstructorAccessorImpl.newInstance(NativeConstructorAccessorImpl.java:62)
	at sun.reflect.DelegatingConstructorAccessorImpl.newInstance(DelegatingConstructorAccessorImpl.java:45)
	at java.lang.reflect.Constructor.newInstance(Constructor.java:423)
	at org.openqa.selenium.remote.ErrorHandler.createThrowable(ErrorHandler.java:215)
	at org.openqa.selenium.remote.ErrorHandler.throwIfResponseFailed(ErrorHandler.java:167)
	at org.openqa.selenium.remote.RemoteWebDriver.execute(RemoteWebDriver.java:671)
	at org.openqa.selenium.remote.RemoteWebDriver.findElement(RemoteWebDriver.java:410)
	at org.openqa.selenium.remote.RemoteWebDriver.findElementByName(RemoteWebDriver.java:485)
	at org.openqa.selenium.By$ByName.findElement(By.java:303)
	at org.openqa.selenium.remote.RemoteWebDriver.findElement(RemoteWebDriver.java:402)
	at testNG.loginLogoutDataDriveTesintUsingTestNG.loginLogoutTestWtihIncorrectCredencials(loginLogoutDataDriveTesintUsingTestNG.java:74)
	at sun.reflect.NativeMethodAccessorImpl.invoke0(Native Method)
	at sun.reflect.NativeMethodAccessorImpl.invoke(NativeMethodAccessorImpl.java:62)
	at sun.reflect.DelegatingMethodAccessorImpl.invoke(DelegatingMethodAccessorImpl.java:43)
	at java.lang.reflect.Method.invoke(Method.java:498)
	at org.testng.internal.MethodInvocationHelper.invokeMethod(MethodInvocationHelper.java:80)
	at org.testng.internal.Invoker.invokeMethod(Invoker.java:714)
	at org.testng.internal.Invoker.invokeTestMethod(Invoker.java:901)
	at org.testng.internal.Invoker.invokeTestMethods(Invoker.java:1231)
	at org.testng.internal.TestMethodWorker.invokeTestMethods(TestMethodWorker.java:127)
	at org.testng.internal.TestMethodWorker.run(TestMethodWorker.java:111)
	at org.testng.TestRunner.privateRun(TestRunner.java:767)
	at org.testng.TestRunner.run(TestRunner.java:617)
	at org.testng.SuiteRunner.runTest(SuiteRunner.java:334)
	at org.testng.SuiteRunner.runSequentially(SuiteRunner.java:329)
	at org.testng.SuiteRunner.privateRun(SuiteRunner.java:291)
	at org.testng.SuiteRunner.run(SuiteRunner.java:240)
	at org.testng.SuiteRunnerWorker.runSuite(SuiteRunnerWorker.java:52)
	at org.testng.SuiteRunnerWorker.run(SuiteRunnerWorker.java:86)
	at org.testng.TestNG.runSuitesSequentially(TestNG.java:1198)
	at org.testng.TestNG.runSuitesLocally(TestNG.java:1123)
	at org.testng.TestNG.run(TestNG.java:1031)
	at org.testng.remote.AbstractRemoteTestNG.run(AbstractRemoteTestNG.java:114)
	at org.testng.remote.RemoteTestNG.initAndRun(RemoteTestNG.java:251)
	at org.testng.remote.RemoteTestNG.main(RemoteTestNG.java:77)
]]>
            </full-stacktrace>
          </exception> <!-- org.openqa.selenium.NoSuchWindowException -->
          <reporter-output>
            <line>
              <![CDATA[org.testng.internal.InvokedMethod, loginLogoutDataDriveTesintUsingTestNG.loginLogoutTestWtihIncorrectCredencials(java.lang.String, java.lang.String)[pri:0, instance:testNG.loginLogoutDataDriveTesintUsingTestNG@887af79]]]>
            </line>
            <line>
              <![CDATA[org.testng.internal.InvokedMethod, loginLogoutDataDriveTesintUsingTestNG.loginLogoutTestWtihIncorrectCredencials(java.lang.String, java.lang.String)[pri:0, instance:testNG.loginLogoutDataDriveTesintUsingTestNG@887af79]]]>
            </line>
            <line>
              <![CDATA[This test is : testNG.loginLogoutDataDriveTesintUsingTestNG]]>
            </line>
            <line>
              <![CDATA[The current parameter methods are : , f#$#$#, f]]>
            </line>
            <line>
              <![CDATA[ Status of the test is: Failed]]>
            </line>
          </reporter-output>
        </test-method> <!-- loginLogoutTestWtihIncorrectCredencials -->
        <test-method status="PASS" signature="afterClass()[pri:0, instance:testNG.loginLogoutDataDriveTesintUsingTestNG@887af79]" name="afterClass" is-config="true" duration-ms="1910" started-at="2018-03-09T13:27:21Z" finished-at="2018-03-09T13:27:23Z">
          <reporter-output>
            <line>
              <![CDATA[org.testng.internal.InvokedMethod, loginLogoutDataDriveTesintUsingTestNG.afterClass()[pri:0, instance:testNG.loginLogoutDataDriveTesintUsingTestNG@887af79]]]>
            </line>
            <line>
              <![CDATA[org.testng.internal.InvokedMethod, loginLogoutDataDriveTesintUsingTestNG.afterClass()[pri:0, instance:testNG.loginLogoutDataDriveTesintUsingTestNG@887af79]]]>
            </line>
          </reporter-output>
        </test-method> <!-- afterClass -->
      </class> <!-- testNG.loginLogoutDataDriveTesintUsingTestNG -->
    </test> <!-- Test Case 6  -->
  </suite> <!-- Suite -->
</testng-results>
