<?xml version="1.0" encoding="UTF-8"?>
<!-- Generated by org.testng.reporters.JUnitReportReporter -->
<testsuite hostname="LAPTOP-RO5NS03S" name="TestersGroupID.TestNGArtifactID.PassingParameter" tests="3" failures="0" timestamp="11 Jul 2017 06:15:32 GMT" time="0.004" errors="0">
  <testcase name="myTestCase" time="0.001" classname="TestersGroupID.TestNGArtifactID.PassingParameter"/>
  <testcase name="myTestCase" time="0.001" classname="TestersGroupID.TestNGArtifactID.PassingParameter"/>
  <testcase name="myTestCase" time="0.002" classname="TestersGroupID.TestNGArtifactID.PassingParameter"/>
</testsuite> <!-- TestersGroupID.TestNGArtifactID.PassingParameter -->
